#
# A fatal error has been detected by the Java Runtime Environment:
#
#  Internal Error (generateOopMap.cpp:2170), pid=43866, tid=21251
#  fatal error: Illegal class file encountered. Try running with -Xverify:all in method main
#
# JRE version: Java(TM) SE Runtime Environment 18.9 (11.0.18+9) (build 11.0.18+9-LTS-195)
# Java VM: Java HotSpot(TM) 64-Bit Server VM 18.9 (11.0.18+9-LTS-195, mixed mode, tiered, compressed oops, g1 gc, bsd-aarch64)
# No core dump will be written. Core dumps have been disabled. To enable core dumping, try "ulimit -c unlimited" before starting Java again
#
# If you would like to submit a bug report, please visit:
#   https://bugreport.java.com/bugreport/crash.jsp
#

---------------  S U M M A R Y ------------

Command Line: -agentlib:jdwp=transport=dt_socket,suspend=y,address=localhost:62828 -javaagent:/Users/sivasankarigomathinayagam/eclipse/java-2023-03/Eclipse.app/Contents/Eclipse/configuration/org.eclipse.osgi/223/0/.cp/lib/javaagent-shaded.jar -Dfile.encoding=UTF-8 --module-path=/Users/sivasankarigomathinayagam/Downloads/commons-io-2.11.0/commons-io-2.11.0-javadoc.jar:/Users/sivasankarigomathinayagam/Downloads/commons-io-2.11.0/commons-io-2.11.0-sources.jar:/Users/sivasankarigomathinayagam/Downloads/commons-io-2.11.0/commons-io-2.11.0-test-sources.jar:/Users/sivasankarigomathinayagam/Downloads/commons-io-2.11.0/commons-io-2.11.0-tests.jar:/Users/sivasankarigomathinayagam/Downloads/commons-io-2.11.0/commons-io-2.11.0.jar streaminselenium

Host: MacBookAir10,1 arm64 1 MHz, 8 cores, 16G, Darwin 21.6.0
Time: Wed Apr  5 10:56:10 2023 PDT elapsed time: 103059.460396 seconds (1d 4h 37m 39s)

---------------  T H R E A D  ---------------

Current thread (0x000000015b812800):  GCTaskThread "GC Thread#0" [stack: 0x000000016b898000,0x000000016ba9b000] [id=21251]

Stack: [0x000000016b898000,0x000000016ba9b000],  sp=0x000000016ba996a0,  free space=2053k
Native frames: (J=compiled Java code, j=interpreted, Vv=VM code, C=native code)
V  [libjvm.dylib+0x686bfc]  _ZN7VMError14report_and_dieEiPKcS1_PcP6ThreadPhPvS6_S1_im+0x580
V  [libjvm.dylib+0x1eee04]  _Z12report_fatal11VMErrorTypePKciS1_z+0x70
V  [libjvm.dylib+0x2c5cd8]  _ZN14GenerateOopMap10error_workEPKcPc+0xf8
V  [libjvm.dylib+0x2c2678]  _ZN14GenerateOopMap12report_errorEPKcz+0x1c
V  [libjvm.dylib+0x2c51e0]  _ZN14GenerateOopMap9do_methodEiiii+0x104
V  [libjvm.dylib+0x2c350c]  _ZN14GenerateOopMap9interp_bbEP10BasicBlock+0xf0
V  [libjvm.dylib+0x2c3190]  _ZN14GenerateOopMap10interp_allEv+0x50
V  [libjvm.dylib+0x2c2dfc]  _ZN14GenerateOopMap17do_interpretationEv+0x58
V  [libjvm.dylib+0x2c5ac8]  _ZN14GenerateOopMap11compute_mapEP6Thread+0x158
V  [libjvm.dylib+0x527d3c]  _ZN19OopMapForCacheEntry11compute_mapEP6Thread+0x60
V  [libjvm.dylib+0x528654]  _ZN16OopMapCacheEntry4fillERK12methodHandlei+0xa4
V  [libjvm.dylib+0x528c28]  _ZN11OopMapCache6lookupERK12methodHandleiP17InterpreterOopMap+0x14c
V  [libjvm.dylib+0x4e9608]  _ZN6Method8mask_forEiP17InterpreterOopMap+0x98
V  [libjvm.dylib+0x254c54]  _ZN5frame19oops_interpreted_doEP10OopClosurePK11RegisterMapb+0x25c
V  [libjvm.dylib+0x634638]  _ZN10JavaThread7oops_doEP10OopClosureP15CodeBlobClosure+0x144
V  [libjvm.dylib+0x6357ec]  _ZN7Threads28possibly_parallel_threads_doEbP13ThreadClosure+0xa8
V  [libjvm.dylib+0x6371e4]  _ZN7Threads25possibly_parallel_oops_doEbP10OopClosureP15CodeBlobClosure+0x24
V  [libjvm.dylib+0x2a7dbc]  _ZN15G1RootProcessor18process_java_rootsEP14G1RootClosuresP14G1GCPhaseTimesj+0xd4
V  [libjvm.dylib+0x2a7b34]  _ZN15G1RootProcessor14evacuate_rootsEP20G1ParScanThreadStatej+0x90
V  [libjvm.dylib+0x26aad4]  _ZN9G1ParTask4workEj+0xc0
V  [libjvm.dylib+0x6af588]  _ZN10GangWorker8run_taskE8WorkData+0x38
V  [libjvm.dylib+0x6af5d0]  _ZN10GangWorker4loopEv+0x30
V  [libjvm.dylib+0x630804]  _ZN6Thread8call_runEv+0x7c
V  [libjvm.dylib+0x531de8]  _ZL19thread_native_entryP6Thread+0x11c
C  [libsystem_pthread.dylib+0x726c]  _pthread_start+0x94

JavaThread 0x000000015b811000 (nid = 5891) was being processed
Java frames: (J=compiled Java code, j=interpreted, Vv=VM code)
j  streaminselenium.main([Ljava/lang/String;)V+39
v  ~StubRoutines::call_stub

---------------  P R O C E S S  ---------------

Threads class SMR info:
_java_thread_list=0x0000600001f6c480, length=23, elements={
0x000000015b811000, 0x000000015a860000, 0x000000015a863000, 0x000000015c011000,
0x000000015a0c0800, 0x000000015a0c1800, 0x000000015b85a000, 0x000000015b85b000,
0x000000015a94e800, 0x000000015a124800, 0x000000015a125800, 0x000000015a129000,
0x000000015a2d0000, 0x000000015a2e7000, 0x000000015ac13800, 0x000000015a43f000,
0x000000015ac3a000, 0x000000015abd0800, 0x000000015c20a800, 0x000000015c3c5800,
0x000000015bf52800, 0x000000012fcab000, 0x000000012f014800
}

Java Threads: ( => current thread )
  0x000000015b811000 JavaThread "main" [_thread_blocked, id=5891, stack(0x000000016b68c000,0x000000016b88f000)]
  0x000000015a860000 JavaThread "Reference Handler" daemon [_thread_blocked, id=13571, stack(0x000000016c4e0000,0x000000016c6e3000)]
  0x000000015a863000 JavaThread "Finalizer" daemon [_thread_blocked, id=14339, stack(0x000000016c6ec000,0x000000016c8ef000)]
  0x000000015c011000 JavaThread "Signal Dispatcher" daemon [_thread_blocked, id=16643, stack(0x000000016ca9c000,0x000000016cc9f000)]
  0x000000015a0c0800 JavaThread "Service Thread" daemon [_thread_blocked, id=21763, stack(0x000000016cca8000,0x000000016ceab000)]
  0x000000015a0c1800 JavaThread "C2 CompilerThread0" daemon [_thread_blocked, id=22531, stack(0x000000016ceb4000,0x000000016d0b7000)]
  0x000000015b85a000 JavaThread "C1 CompilerThread0" daemon [_thread_blocked, id=42755, stack(0x000000016d0c0000,0x000000016d2c3000)]
  0x000000015b85b000 JavaThread "Sweeper thread" daemon [_thread_blocked, id=42243, stack(0x000000016d2cc000,0x000000016d4cf000)]
  0x000000015a94e800 JavaThread "Common-Cleaner" daemon [_thread_blocked, id=41475, stack(0x000000016d4d8000,0x000000016d6db000)]
  0x000000015a124800 JavaThread "JDWP Transport Listener: dt_socket" daemon [_thread_blocked, id=40707, stack(0x000000016d6e4000,0x000000016d8e7000)]
  0x000000015a125800 JavaThread "JDWP Event Helper Thread" daemon [_thread_blocked, id=23299, stack(0x000000016d8f0000,0x000000016daf3000)]
  0x000000015a129000 JavaThread "JDWP Command Reader" daemon [_thread_in_native, id=24067, stack(0x000000016dafc000,0x000000016dcff000)]
  0x000000015a2d0000 JavaThread "process reaper" daemon [_thread_in_native, id=39427, stack(0x000000016df14000,0x000000016df4b000)]
  0x000000015a2e7000 JavaThread "ForkJoinPool.commonPool-worker-3" daemon [_thread_blocked, id=37891, stack(0x000000016e990000,0x000000016eb93000)]
  0x000000015ac13800 JavaThread "AsyncHttpClient-1-1" daemon [_thread_blocked, id=37379, stack(0x000000016eb9c000,0x000000016ed9f000)]
  0x000000015a43f000 JavaThread "Exec Default Executor" daemon [_thread_blocked, id=26627, stack(0x000000016eda8000,0x000000016efab000)]
  0x000000015ac3a000 JavaThread "Exec Stream Pumper" daemon [_thread_in_native, id=26883, stack(0x000000016efb4000,0x000000016f1b7000)]
  0x000000015abd0800 JavaThread "Exec Stream Pumper" daemon [_thread_in_native, id=35843, stack(0x000000016f1c0000,0x000000016f3c3000)]
  0x000000015c20a800 JavaThread "Driver Service Executor" daemon [_thread_blocked, id=35075, stack(0x000000016f3cc000,0x000000016f5cf000)]
  0x000000015c3c5800 JavaThread "Driver Service Executor" daemon [_thread_blocked, id=34819, stack(0x000000016f5d8000,0x000000016f7db000)]
  0x000000015bf52800 JavaThread "AsyncHttpClient-1-2" daemon [_thread_in_native, id=32771, stack(0x0000000280004000,0x0000000280207000)]
  0x000000012fcab000 JavaThread "AsyncHttpClient-1-3" daemon [_thread_in_native, id=33799, stack(0x000000016f9f0000,0x000000016fbf3000)]
  0x000000012f014800 JavaThread "AsyncHttpClient-1-4" daemon [_thread_in_native, id=17415, stack(0x0000000280210000,0x0000000280413000)]

Other Threads:
  0x000000015a856800 VMThread "VM Thread" [stack: 0x000000016c2d4000,0x000000016c4d7000] [id=18691]
  0x000000015b8e9800 WatcherThread [stack: 0x000000016dd08000,0x000000016df0b000] [id=39939]
=>0x000000015b812800 GCTaskThread "GC Thread#0" [stack: 0x000000016b898000,0x000000016ba9b000] [id=21251]
  0x000000015abc9000 GCTaskThread "GC Thread#1" [stack: 0x000000016df54000,0x000000016e157000] [id=39171]
  0x000000015abc9800 GCTaskThread "GC Thread#2" [stack: 0x000000016e160000,0x000000016e363000] [id=24835]
  0x000000015abca800 GCTaskThread "GC Thread#3" [stack: 0x000000016e36c000,0x000000016e56f000] [id=38659]
  0x000000015abcb000 GCTaskThread "GC Thread#4" [stack: 0x000000016e578000,0x000000016e77b000] [id=38403]
  0x000000015abcc000 GCTaskThread "GC Thread#5" [stack: 0x000000016e784000,0x000000016e987000] [id=25859]
  0x000000015b856800 ConcurrentGCThread "G1 Main Marker" [stack: 0x000000016baa4000,0x000000016bca7000] [id=11779]
  0x000000015b857800 ConcurrentGCThread "G1 Conc#0" [stack: 0x000000016bcb0000,0x000000016beb3000] [id=20483]
  0x000000015bb83000 ConcurrentGCThread "G1 Conc#1" [stack: 0x000000016fbfc000,0x000000016fdff000] [id=33539]
  0x000000015a0af000 ConcurrentGCThread "G1 Refine#0" [stack: 0x000000016bebc000,0x000000016c0bf000] [id=19971]
  0x000000015a0af800 ConcurrentGCThread "G1 Young RemSet Sampling" [stack: 0x000000016c0c8000,0x000000016c2cb000] [id=19715]

Threads with active compile tasks:

VM state:at safepoint (normal execution)

VM Mutex/Monitor currently owned by a thread:  ([mutex/lock_event])
[0x0000600003155d80] Threads_lock - owner thread: 0x000000015a856800
[0x0000600003156480] Heap_lock - owner thread: 0x000000015ac13800

Heap address: 0x00000006c0000000, size: 4096 MB, Compressed Oops mode: Zero based, Oop shift amount: 3
Narrow klass base: 0x0000000800000000, Narrow klass shift: 0
Compressed class space size: 1073741824 Address: 0x0000000800000000

Heap:
 garbage-first heap   total 262144K, used 84564K [0x00000006c0000000, 0x00000007c0000000)
  region size 1024K, 73 young (74752K), 3 survivors (3072K)
 Metaspace       used 26625K, capacity 27350K, committed 27568K, reserved 1073152K
  class space    used 2991K, capacity 3275K, committed 3328K, reserved 1048576K
Heap Regions: E=young(eden), S=young(survivor), O=old, HS=humongous(starts), HC=humongous(continues), CS=collection set, F=free, A=archive, TAMS=top-at-mark-start (previous, next)
|   0|0x00000006c0000000, 0x00000006c0100000, 0x00000006c0100000|100%| O|  |TAMS 0x00000006c0100000, 0x00000006c0000000| Untracked 
|   1|0x00000006c0100000, 0x00000006c0200000, 0x00000006c0200000|100%| O|  |TAMS 0x00000006c0145e00, 0x00000006c0100000| Untracked 
|   2|0x00000006c0200000, 0x00000006c0300000, 0x00000006c0300000|100%|HS|  |TAMS 0x00000006c0200000, 0x00000006c0200000| Complete 
|   3|0x00000006c0300000, 0x00000006c0400000, 0x00000006c0400000|100%|HC|  |TAMS 0x00000006c0300000, 0x00000006c0300000| Complete 
|   4|0x00000006c0400000, 0x00000006c0500000, 0x00000006c0500000|100%|HC|  |TAMS 0x00000006c0400000, 0x00000006c0400000| Complete 
|   5|0x00000006c0500000, 0x00000006c0600000, 0x00000006c0600000|100%|HC|  |TAMS 0x00000006c0500000, 0x00000006c0500000| Complete 
|   6|0x00000006c0600000, 0x00000006c0700000, 0x00000006c0700000|100%|HC|  |TAMS 0x00000006c0600000, 0x00000006c0600000| Complete 
|   7|0x00000006c0700000, 0x00000006c0800000, 0x00000006c0800000|100%| O|  |TAMS 0x00000006c0700000, 0x00000006c0700000| Untracked 
|   8|0x00000006c0800000, 0x00000006c0875910, 0x00000006c0900000| 45%| O|  |TAMS 0x00000006c0800000, 0x00000006c0800000| Untracked 
|   9|0x00000006c0900000, 0x00000006c0900000, 0x00000006c0a00000|  0%| F|  |TAMS 0x00000006c0900000, 0x00000006c0900000| Untracked 
|  10|0x00000006c0a00000, 0x00000006c0a00000, 0x00000006c0b00000|  0%| F|  |TAMS 0x00000006c0a00000, 0x00000006c0a00000| Untracked 
|  11|0x00000006c0b00000, 0x00000006c0b00000, 0x00000006c0c00000|  0%| F|  |TAMS 0x00000006c0b00000, 0x00000006c0b00000| Untracked 
|  12|0x00000006c0c00000, 0x00000006c0c00000, 0x00000006c0d00000|  0%| F|  |TAMS 0x00000006c0c00000, 0x00000006c0c00000| Untracked 
|  13|0x00000006c0d00000, 0x00000006c0d00000, 0x00000006c0e00000|  0%| F|  |TAMS 0x00000006c0d00000, 0x00000006c0d00000| Untracked 
|  14|0x00000006c0e00000, 0x00000006c0e00000, 0x00000006c0f00000|  0%| F|  |TAMS 0x00000006c0e00000, 0x00000006c0e00000| Untracked 
|  15|0x00000006c0f00000, 0x00000006c0f00000, 0x00000006c1000000|  0%| F|  |TAMS 0x00000006c0f00000, 0x00000006c0f00000| Untracked 
|  16|0x00000006c1000000, 0x00000006c1000000, 0x00000006c1100000|  0%| F|  |TAMS 0x00000006c1000000, 0x00000006c1000000| Untracked 
|  17|0x00000006c1100000, 0x00000006c1100000, 0x00000006c1200000|  0%| F|  |TAMS 0x00000006c1100000, 0x00000006c1100000| Untracked 
|  18|0x00000006c1200000, 0x00000006c1200000, 0x00000006c1300000|  0%| F|  |TAMS 0x00000006c1200000, 0x00000006c1200000| Untracked 
|  19|0x00000006c1300000, 0x00000006c1300000, 0x00000006c1400000|  0%| F|  |TAMS 0x00000006c1300000, 0x00000006c1300000| Untracked 
|  20|0x00000006c1400000, 0x00000006c1400000, 0x00000006c1500000|  0%| F|  |TAMS 0x00000006c1400000, 0x00000006c1400000| Untracked 
|  21|0x00000006c1500000, 0x00000006c1500000, 0x00000006c1600000|  0%| F|  |TAMS 0x00000006c1500000, 0x00000006c1500000| Untracked 
|  22|0x00000006c1600000, 0x00000006c1600000, 0x00000006c1700000|  0%| F|  |TAMS 0x00000006c1600000, 0x00000006c1600000| Untracked 
|  23|0x00000006c1700000, 0x00000006c1700000, 0x00000006c1800000|  0%| F|  |TAMS 0x00000006c1700000, 0x00000006c1700000| Untracked 
|  24|0x00000006c1800000, 0x00000006c1800000, 0x00000006c1900000|  0%| F|  |TAMS 0x00000006c1800000, 0x00000006c1800000| Untracked 
|  25|0x00000006c1900000, 0x00000006c1900000, 0x00000006c1a00000|  0%| F|  |TAMS 0x00000006c1900000, 0x00000006c1900000| Untracked 
|  26|0x00000006c1a00000, 0x00000006c1a00000, 0x00000006c1b00000|  0%| F|  |TAMS 0x00000006c1a00000, 0x00000006c1a00000| Untracked 
|  27|0x00000006c1b00000, 0x00000006c1b00000, 0x00000006c1c00000|  0%| F|  |TAMS 0x00000006c1b00000, 0x00000006c1b00000| Untracked 
|  28|0x00000006c1c00000, 0x00000006c1c00000, 0x00000006c1d00000|  0%| F|  |TAMS 0x00000006c1c00000, 0x00000006c1c00000| Untracked 
|  29|0x00000006c1d00000, 0x00000006c1d00000, 0x00000006c1e00000|  0%| F|  |TAMS 0x00000006c1d00000, 0x00000006c1d00000| Untracked 
|  30|0x00000006c1e00000, 0x00000006c1e00000, 0x00000006c1f00000|  0%| F|  |TAMS 0x00000006c1e00000, 0x00000006c1e00000| Untracked 
|  31|0x00000006c1f00000, 0x00000006c1f00000, 0x00000006c2000000|  0%| F|  |TAMS 0x00000006c1f00000, 0x00000006c1f00000| Untracked 
|  32|0x00000006c2000000, 0x00000006c2000000, 0x00000006c2100000|  0%| F|  |TAMS 0x00000006c2000000, 0x00000006c2000000| Untracked 
|  33|0x00000006c2100000, 0x00000006c2100000, 0x00000006c2200000|  0%| F|  |TAMS 0x00000006c2100000, 0x00000006c2100000| Untracked 
|  34|0x00000006c2200000, 0x00000006c2200000, 0x00000006c2300000|  0%| F|  |TAMS 0x00000006c2200000, 0x00000006c2200000| Untracked 
|  35|0x00000006c2300000, 0x00000006c2300000, 0x00000006c2400000|  0%| F|  |TAMS 0x00000006c2300000, 0x00000006c2300000| Untracked 
|  36|0x00000006c2400000, 0x00000006c2400000, 0x00000006c2500000|  0%| F|  |TAMS 0x00000006c2400000, 0x00000006c2400000| Untracked 
|  37|0x00000006c2500000, 0x00000006c2500000, 0x00000006c2600000|  0%| F|  |TAMS 0x00000006c2500000, 0x00000006c2500000| Untracked 
|  38|0x00000006c2600000, 0x00000006c2600000, 0x00000006c2700000|  0%| F|  |TAMS 0x00000006c2600000, 0x00000006c2600000| Untracked 
|  39|0x00000006c2700000, 0x00000006c2700000, 0x00000006c2800000|  0%| F|  |TAMS 0x00000006c2700000, 0x00000006c2700000| Untracked 
|  40|0x00000006c2800000, 0x00000006c2800000, 0x00000006c2900000|  0%| F|  |TAMS 0x00000006c2800000, 0x00000006c2800000| Untracked 
|  41|0x00000006c2900000, 0x00000006c2900000, 0x00000006c2a00000|  0%| F|  |TAMS 0x00000006c2900000, 0x00000006c2900000| Untracked 
|  42|0x00000006c2a00000, 0x00000006c2a00000, 0x00000006c2b00000|  0%| F|  |TAMS 0x00000006c2a00000, 0x00000006c2a00000| Untracked 
|  43|0x00000006c2b00000, 0x00000006c2b00000, 0x00000006c2c00000|  0%| F|  |TAMS 0x00000006c2b00000, 0x00000006c2b00000| Untracked 
|  44|0x00000006c2c00000, 0x00000006c2c00000, 0x00000006c2d00000|  0%| F|  |TAMS 0x00000006c2c00000, 0x00000006c2c00000| Untracked 
|  45|0x00000006c2d00000, 0x00000006c2d00000, 0x00000006c2e00000|  0%| F|  |TAMS 0x00000006c2d00000, 0x00000006c2d00000| Untracked 
|  46|0x00000006c2e00000, 0x00000006c2e00000, 0x00000006c2f00000|  0%| F|  |TAMS 0x00000006c2e00000, 0x00000006c2e00000| Untracked 
|  47|0x00000006c2f00000, 0x00000006c2f00000, 0x00000006c3000000|  0%| F|  |TAMS 0x00000006c2f00000, 0x00000006c2f00000| Untracked 
|  48|0x00000006c3000000, 0x00000006c3000000, 0x00000006c3100000|  0%| F|  |TAMS 0x00000006c3000000, 0x00000006c3000000| Untracked 
|  49|0x00000006c3100000, 0x00000006c3100000, 0x00000006c3200000|  0%| F|  |TAMS 0x00000006c3100000, 0x00000006c3100000| Untracked 
|  50|0x00000006c3200000, 0x00000006c3200000, 0x00000006c3300000|  0%| F|  |TAMS 0x00000006c3200000, 0x00000006c3200000| Untracked 
|  51|0x00000006c3300000, 0x00000006c3300000, 0x00000006c3400000|  0%| F|  |TAMS 0x00000006c3300000, 0x00000006c3300000| Untracked 
|  52|0x00000006c3400000, 0x00000006c3400000, 0x00000006c3500000|  0%| F|  |TAMS 0x00000006c3400000, 0x00000006c3400000| Untracked 
|  53|0x00000006c3500000, 0x00000006c3500000, 0x00000006c3600000|  0%| F|  |TAMS 0x00000006c3500000, 0x00000006c3500000| Untracked 
|  54|0x00000006c3600000, 0x00000006c3600000, 0x00000006c3700000|  0%| F|  |TAMS 0x00000006c3600000, 0x00000006c3600000| Untracked 
|  55|0x00000006c3700000, 0x00000006c3700000, 0x00000006c3800000|  0%| F|  |TAMS 0x00000006c3700000, 0x00000006c3700000| Untracked 
|  56|0x00000006c3800000, 0x00000006c3800000, 0x00000006c3900000|  0%| F|  |TAMS 0x00000006c3800000, 0x00000006c3800000| Untracked 
|  57|0x00000006c3900000, 0x00000006c3900000, 0x00000006c3a00000|  0%| F|  |TAMS 0x00000006c3900000, 0x00000006c3900000| Untracked 
|  58|0x00000006c3a00000, 0x00000006c3a00000, 0x00000006c3b00000|  0%| F|  |TAMS 0x00000006c3a00000, 0x00000006c3a00000| Untracked 
|  59|0x00000006c3b00000, 0x00000006c3b00000, 0x00000006c3c00000|  0%| F|  |TAMS 0x00000006c3b00000, 0x00000006c3b00000| Untracked 
|  60|0x00000006c3c00000, 0x00000006c3c00000, 0x00000006c3d00000|  0%| F|  |TAMS 0x00000006c3c00000, 0x00000006c3c00000| Untracked 
|  61|0x00000006c3d00000, 0x00000006c3d00000, 0x00000006c3e00000|  0%| F|  |TAMS 0x00000006c3d00000, 0x00000006c3d00000| Untracked 
|  62|0x00000006c3e00000, 0x00000006c3e00000, 0x00000006c3f00000|  0%| F|  |TAMS 0x00000006c3e00000, 0x00000006c3e00000| Untracked 
|  63|0x00000006c3f00000, 0x00000006c3f00000, 0x00000006c4000000|  0%| F|  |TAMS 0x00000006c3f00000, 0x00000006c3f00000| Untracked 
|  64|0x00000006c4000000, 0x00000006c4000000, 0x00000006c4100000|  0%| F|  |TAMS 0x00000006c4000000, 0x00000006c4000000| Untracked 
|  65|0x00000006c4100000, 0x00000006c4100000, 0x00000006c4200000|  0%| F|  |TAMS 0x00000006c4100000, 0x00000006c4100000| Untracked 
|  66|0x00000006c4200000, 0x00000006c4200000, 0x00000006c4300000|  0%| F|  |TAMS 0x00000006c4200000, 0x00000006c4200000| Untracked 
|  67|0x00000006c4300000, 0x00000006c4300000, 0x00000006c4400000|  0%| F|  |TAMS 0x00000006c4300000, 0x00000006c4300000| Untracked 
|  68|0x00000006c4400000, 0x00000006c4400000, 0x00000006c4500000|  0%| F|  |TAMS 0x00000006c4400000, 0x00000006c4400000| Untracked 
|  69|0x00000006c4500000, 0x00000006c4500000, 0x00000006c4600000|  0%| F|  |TAMS 0x00000006c4500000, 0x00000006c4500000| Untracked 
|  70|0x00000006c4600000, 0x00000006c4600000, 0x00000006c4700000|  0%| F|  |TAMS 0x00000006c4600000, 0x00000006c4600000| Untracked 
|  71|0x00000006c4700000, 0x00000006c4700000, 0x00000006c4800000|  0%| F|  |TAMS 0x00000006c4700000, 0x00000006c4700000| Untracked 
|  72|0x00000006c4800000, 0x00000006c4800000, 0x00000006c4900000|  0%| F|  |TAMS 0x00000006c4800000, 0x00000006c4800000| Untracked 
|  73|0x00000006c4900000, 0x00000006c4900000, 0x00000006c4a00000|  0%| F|  |TAMS 0x00000006c4900000, 0x00000006c4900000| Untracked 
|  74|0x00000006c4a00000, 0x00000006c4a00000, 0x00000006c4b00000|  0%| F|  |TAMS 0x00000006c4a00000, 0x00000006c4a00000| Untracked 
|  75|0x00000006c4b00000, 0x00000006c4b00000, 0x00000006c4c00000|  0%| F|  |TAMS 0x00000006c4b00000, 0x00000006c4b00000| Untracked 
|  76|0x00000006c4c00000, 0x00000006c4c00000, 0x00000006c4d00000|  0%| F|  |TAMS 0x00000006c4c00000, 0x00000006c4c00000| Untracked 
|  77|0x00000006c4d00000, 0x00000006c4d00000, 0x00000006c4e00000|  0%| F|  |TAMS 0x00000006c4d00000, 0x00000006c4d00000| Untracked 
|  78|0x00000006c4e00000, 0x00000006c4e00000, 0x00000006c4f00000|  0%| F|  |TAMS 0x00000006c4e00000, 0x00000006c4e00000| Untracked 
|  79|0x00000006c4f00000, 0x00000006c4f00000, 0x00000006c5000000|  0%| F|  |TAMS 0x00000006c4f00000, 0x00000006c4f00000| Untracked 
|  80|0x00000006c5000000, 0x00000006c5000000, 0x00000006c5100000|  0%| F|  |TAMS 0x00000006c5000000, 0x00000006c5000000| Untracked 
|  81|0x00000006c5100000, 0x00000006c5100000, 0x00000006c5200000|  0%| F|  |TAMS 0x00000006c5100000, 0x00000006c5100000| Untracked 
|  82|0x00000006c5200000, 0x00000006c5200000, 0x00000006c5300000|  0%| F|  |TAMS 0x00000006c5200000, 0x00000006c5200000| Untracked 
|  83|0x00000006c5300000, 0x00000006c5300000, 0x00000006c5400000|  0%| F|  |TAMS 0x00000006c5300000, 0x00000006c5300000| Untracked 
|  84|0x00000006c5400000, 0x00000006c5400000, 0x00000006c5500000|  0%| F|  |TAMS 0x00000006c5400000, 0x00000006c5400000| Untracked 
|  85|0x00000006c5500000, 0x00000006c5500000, 0x00000006c5600000|  0%| F|  |TAMS 0x00000006c5500000, 0x00000006c5500000| Untracked 
|  86|0x00000006c5600000, 0x00000006c5600000, 0x00000006c5700000|  0%| F|  |TAMS 0x00000006c5600000, 0x00000006c5600000| Untracked 
|  87|0x00000006c5700000, 0x00000006c5700000, 0x00000006c5800000|  0%| F|  |TAMS 0x00000006c5700000, 0x00000006c5700000| Untracked 
|  88|0x00000006c5800000, 0x00000006c5800000, 0x00000006c5900000|  0%| F|  |TAMS 0x00000006c5800000, 0x00000006c5800000| Untracked 
|  89|0x00000006c5900000, 0x00000006c5900000, 0x00000006c5a00000|  0%| F|  |TAMS 0x00000006c5900000, 0x00000006c5900000| Untracked 
|  90|0x00000006c5a00000, 0x00000006c5a00000, 0x00000006c5b00000|  0%| F|  |TAMS 0x00000006c5a00000, 0x00000006c5a00000| Untracked 
|  91|0x00000006c5b00000, 0x00000006c5b00000, 0x00000006c5c00000|  0%| F|  |TAMS 0x00000006c5b00000, 0x00000006c5b00000| Untracked 
|  92|0x00000006c5c00000, 0x00000006c5c00000, 0x00000006c5d00000|  0%| F|  |TAMS 0x00000006c5c00000, 0x00000006c5c00000| Untracked 
|  93|0x00000006c5d00000, 0x00000006c5d00000, 0x00000006c5e00000|  0%| F|  |TAMS 0x00000006c5d00000, 0x00000006c5d00000| Untracked 
|  94|0x00000006c5e00000, 0x00000006c5e00000, 0x00000006c5f00000|  0%| F|  |TAMS 0x00000006c5e00000, 0x00000006c5e00000| Untracked 
|  95|0x00000006c5f00000, 0x00000006c5f00000, 0x00000006c6000000|  0%| F|  |TAMS 0x00000006c5f00000, 0x00000006c5f00000| Untracked 
|  96|0x00000006c6000000, 0x00000006c6000000, 0x00000006c6100000|  0%| F|  |TAMS 0x00000006c6000000, 0x00000006c6000000| Untracked 
|  97|0x00000006c6100000, 0x00000006c6100000, 0x00000006c6200000|  0%| F|  |TAMS 0x00000006c6100000, 0x00000006c6100000| Untracked 
|  98|0x00000006c6200000, 0x00000006c6200000, 0x00000006c6300000|  0%| F|  |TAMS 0x00000006c6200000, 0x00000006c6200000| Untracked 
|  99|0x00000006c6300000, 0x00000006c6300000, 0x00000006c6400000|  0%| F|  |TAMS 0x00000006c6300000, 0x00000006c6300000| Untracked 
| 100|0x00000006c6400000, 0x00000006c6400000, 0x00000006c6500000|  0%| F|  |TAMS 0x00000006c6400000, 0x00000006c6400000| Untracked 
| 101|0x00000006c6500000, 0x00000006c6500000, 0x00000006c6600000|  0%| F|  |TAMS 0x00000006c6500000, 0x00000006c6500000| Untracked 
| 102|0x00000006c6600000, 0x00000006c6600000, 0x00000006c6700000|  0%| F|  |TAMS 0x00000006c6600000, 0x00000006c6600000| Untracked 
| 103|0x00000006c6700000, 0x00000006c6700000, 0x00000006c6800000|  0%| F|  |TAMS 0x00000006c6700000, 0x00000006c6700000| Untracked 
| 104|0x00000006c6800000, 0x00000006c6800000, 0x00000006c6900000|  0%| F|  |TAMS 0x00000006c6800000, 0x00000006c6800000| Untracked 
| 105|0x00000006c6900000, 0x00000006c6900000, 0x00000006c6a00000|  0%| F|  |TAMS 0x00000006c6900000, 0x00000006c6900000| Untracked 
| 106|0x00000006c6a00000, 0x00000006c6a00000, 0x00000006c6b00000|  0%| F|  |TAMS 0x00000006c6a00000, 0x00000006c6a00000| Untracked 
| 107|0x00000006c6b00000, 0x00000006c6b00000, 0x00000006c6c00000|  0%| F|  |TAMS 0x00000006c6b00000, 0x00000006c6b00000| Untracked 
| 108|0x00000006c6c00000, 0x00000006c6c00000, 0x00000006c6d00000|  0%| F|  |TAMS 0x00000006c6c00000, 0x00000006c6c00000| Untracked 
| 109|0x00000006c6d00000, 0x00000006c6d00000, 0x00000006c6e00000|  0%| F|  |TAMS 0x00000006c6d00000, 0x00000006c6d00000| Untracked 
| 110|0x00000006c6e00000, 0x00000006c6e00000, 0x00000006c6f00000|  0%| F|  |TAMS 0x00000006c6e00000, 0x00000006c6e00000| Untracked 
| 111|0x00000006c6f00000, 0x00000006c6f00000, 0x00000006c7000000|  0%| F|  |TAMS 0x00000006c6f00000, 0x00000006c6f00000| Untracked 
| 112|0x00000006c7000000, 0x00000006c7000000, 0x00000006c7100000|  0%| F|  |TAMS 0x00000006c7000000, 0x00000006c7000000| Untracked 
| 113|0x00000006c7100000, 0x00000006c7100000, 0x00000006c7200000|  0%| F|  |TAMS 0x00000006c7100000, 0x00000006c7100000| Untracked 
| 114|0x00000006c7200000, 0x00000006c7200000, 0x00000006c7300000|  0%| F|  |TAMS 0x00000006c7200000, 0x00000006c7200000| Untracked 
| 115|0x00000006c7300000, 0x00000006c7300000, 0x00000006c7400000|  0%| F|  |TAMS 0x00000006c7300000, 0x00000006c7300000| Untracked 
| 116|0x00000006c7400000, 0x00000006c7400000, 0x00000006c7500000|  0%| F|  |TAMS 0x00000006c7400000, 0x00000006c7400000| Untracked 
| 117|0x00000006c7500000, 0x00000006c7500000, 0x00000006c7600000|  0%| F|  |TAMS 0x00000006c7500000, 0x00000006c7500000| Untracked 
| 118|0x00000006c7600000, 0x00000006c7600000, 0x00000006c7700000|  0%| F|  |TAMS 0x00000006c7600000, 0x00000006c7600000| Untracked 
| 119|0x00000006c7700000, 0x00000006c7700000, 0x00000006c7800000|  0%| F|  |TAMS 0x00000006c7700000, 0x00000006c7700000| Untracked 
| 120|0x00000006c7800000, 0x00000006c7800000, 0x00000006c7900000|  0%| F|  |TAMS 0x00000006c7800000, 0x00000006c7800000| Untracked 
| 121|0x00000006c7900000, 0x00000006c7900000, 0x00000006c7a00000|  0%| F|  |TAMS 0x00000006c7900000, 0x00000006c7900000| Untracked 
| 122|0x00000006c7a00000, 0x00000006c7a00000, 0x00000006c7b00000|  0%| F|  |TAMS 0x00000006c7a00000, 0x00000006c7a00000| Untracked 
| 123|0x00000006c7b00000, 0x00000006c7b00000, 0x00000006c7c00000|  0%| F|  |TAMS 0x00000006c7b00000, 0x00000006c7b00000| Untracked 
| 124|0x00000006c7c00000, 0x00000006c7c00000, 0x00000006c7d00000|  0%| F|  |TAMS 0x00000006c7c00000, 0x00000006c7c00000| Untracked 
| 125|0x00000006c7d00000, 0x00000006c7d00000, 0x00000006c7e00000|  0%| F|  |TAMS 0x00000006c7d00000, 0x00000006c7d00000| Untracked 
| 126|0x00000006c7e00000, 0x00000006c7e00000, 0x00000006c7f00000|  0%| F|  |TAMS 0x00000006c7e00000, 0x00000006c7e00000| Untracked 
| 127|0x00000006c7f00000, 0x00000006c7f00000, 0x00000006c8000000|  0%| F|  |TAMS 0x00000006c7f00000, 0x00000006c7f00000| Untracked 
| 128|0x00000006c8000000, 0x00000006c8000000, 0x00000006c8100000|  0%| F|  |TAMS 0x00000006c8000000, 0x00000006c8000000| Untracked 
| 129|0x00000006c8100000, 0x00000006c8100000, 0x00000006c8200000|  0%| F|  |TAMS 0x00000006c8100000, 0x00000006c8100000| Untracked 
| 130|0x00000006c8200000, 0x00000006c8200000, 0x00000006c8300000|  0%| F|  |TAMS 0x00000006c8200000, 0x00000006c8200000| Untracked 
| 131|0x00000006c8300000, 0x00000006c8300000, 0x00000006c8400000|  0%| F|  |TAMS 0x00000006c8300000, 0x00000006c8300000| Untracked 
| 132|0x00000006c8400000, 0x00000006c8400000, 0x00000006c8500000|  0%| F|  |TAMS 0x00000006c8400000, 0x00000006c8400000| Untracked 
| 133|0x00000006c8500000, 0x00000006c8500000, 0x00000006c8600000|  0%| F|  |TAMS 0x00000006c8500000, 0x00000006c8500000| Untracked 
| 134|0x00000006c8600000, 0x00000006c8600000, 0x00000006c8700000|  0%| F|  |TAMS 0x00000006c8600000, 0x00000006c8600000| Untracked 
| 135|0x00000006c8700000, 0x00000006c8700000, 0x00000006c8800000|  0%| F|  |TAMS 0x00000006c8700000, 0x00000006c8700000| Untracked 
| 136|0x00000006c8800000, 0x00000006c8800000, 0x00000006c8900000|  0%| F|  |TAMS 0x00000006c8800000, 0x00000006c8800000| Untracked 
| 137|0x00000006c8900000, 0x00000006c8900000, 0x00000006c8a00000|  0%| F|  |TAMS 0x00000006c8900000, 0x00000006c8900000| Untracked 
| 138|0x00000006c8a00000, 0x00000006c8a00000, 0x00000006c8b00000|  0%| F|  |TAMS 0x00000006c8a00000, 0x00000006c8a00000| Untracked 
| 139|0x00000006c8b00000, 0x00000006c8b00000, 0x00000006c8c00000|  0%| F|  |TAMS 0x00000006c8b00000, 0x00000006c8b00000| Untracked 
| 140|0x00000006c8c00000, 0x00000006c8c00000, 0x00000006c8d00000|  0%| F|  |TAMS 0x00000006c8c00000, 0x00000006c8c00000| Untracked 
| 141|0x00000006c8d00000, 0x00000006c8d00000, 0x00000006c8e00000|  0%| F|  |TAMS 0x00000006c8d00000, 0x00000006c8d00000| Untracked 
| 142|0x00000006c8e00000, 0x00000006c8e00000, 0x00000006c8f00000|  0%| F|  |TAMS 0x00000006c8e00000, 0x00000006c8e00000| Untracked 
| 143|0x00000006c8f00000, 0x00000006c8f00000, 0x00000006c9000000|  0%| F|  |TAMS 0x00000006c8f00000, 0x00000006c8f00000| Untracked 
| 144|0x00000006c9000000, 0x00000006c9000000, 0x00000006c9100000|  0%| F|  |TAMS 0x00000006c9000000, 0x00000006c9000000| Untracked 
| 145|0x00000006c9100000, 0x00000006c9100000, 0x00000006c9200000|  0%| F|  |TAMS 0x00000006c9100000, 0x00000006c9100000| Untracked 
| 146|0x00000006c9200000, 0x00000006c9200000, 0x00000006c9300000|  0%| F|  |TAMS 0x00000006c9200000, 0x00000006c9200000| Untracked 
| 147|0x00000006c9300000, 0x00000006c9300000, 0x00000006c9400000|  0%| F|  |TAMS 0x00000006c9300000, 0x00000006c9300000| Untracked 
| 148|0x00000006c9400000, 0x00000006c9400000, 0x00000006c9500000|  0%| F|  |TAMS 0x00000006c9400000, 0x00000006c9400000| Untracked 
| 149|0x00000006c9500000, 0x00000006c9500000, 0x00000006c9600000|  0%| F|  |TAMS 0x00000006c9500000, 0x00000006c9500000| Untracked 
| 150|0x00000006c9600000, 0x00000006c9600000, 0x00000006c9700000|  0%| F|  |TAMS 0x00000006c9600000, 0x00000006c9600000| Untracked 
| 151|0x00000006c9700000, 0x00000006c9700000, 0x00000006c9800000|  0%| F|  |TAMS 0x00000006c9700000, 0x00000006c9700000| Untracked 
| 152|0x00000006c9800000, 0x00000006c9800000, 0x00000006c9900000|  0%| F|  |TAMS 0x00000006c9800000, 0x00000006c9800000| Untracked 
| 153|0x00000006c9900000, 0x00000006c9900000, 0x00000006c9a00000|  0%| F|  |TAMS 0x00000006c9900000, 0x00000006c9900000| Untracked 
| 154|0x00000006c9a00000, 0x00000006c9a00000, 0x00000006c9b00000|  0%| F|  |TAMS 0x00000006c9a00000, 0x00000006c9a00000| Untracked 
| 155|0x00000006c9b00000, 0x00000006c9b00000, 0x00000006c9c00000|  0%| F|  |TAMS 0x00000006c9b00000, 0x00000006c9b00000| Untracked 
| 156|0x00000006c9c00000, 0x00000006c9c00000, 0x00000006c9d00000|  0%| F|  |TAMS 0x00000006c9c00000, 0x00000006c9c00000| Untracked 
| 157|0x00000006c9d00000, 0x00000006c9d00000, 0x00000006c9e00000|  0%| F|  |TAMS 0x00000006c9d00000, 0x00000006c9d00000| Untracked 
| 158|0x00000006c9e00000, 0x00000006c9e00000, 0x00000006c9f00000|  0%| F|  |TAMS 0x00000006c9e00000, 0x00000006c9e00000| Untracked 
| 159|0x00000006c9f00000, 0x00000006c9f00000, 0x00000006ca000000|  0%| F|  |TAMS 0x00000006c9f00000, 0x00000006c9f00000| Untracked 
| 160|0x00000006ca000000, 0x00000006ca000000, 0x00000006ca100000|  0%| F|  |TAMS 0x00000006ca000000, 0x00000006ca000000| Untracked 
| 161|0x00000006ca100000, 0x00000006ca100000, 0x00000006ca200000|  0%| F|  |TAMS 0x00000006ca100000, 0x00000006ca100000| Untracked 
| 162|0x00000006ca200000, 0x00000006ca200000, 0x00000006ca300000|  0%| F|  |TAMS 0x00000006ca200000, 0x00000006ca200000| Untracked 
| 163|0x00000006ca300000, 0x00000006ca300000, 0x00000006ca400000|  0%| F|  |TAMS 0x00000006ca300000, 0x00000006ca300000| Untracked 
| 164|0x00000006ca400000, 0x00000006ca400000, 0x00000006ca500000|  0%| F|  |TAMS 0x00000006ca400000, 0x00000006ca400000| Untracked 
| 165|0x00000006ca500000, 0x00000006ca500000, 0x00000006ca600000|  0%| F|  |TAMS 0x00000006ca500000, 0x00000006ca500000| Untracked 
| 166|0x00000006ca600000, 0x00000006ca600000, 0x00000006ca700000|  0%| F|  |TAMS 0x00000006ca600000, 0x00000006ca600000| Untracked 
| 167|0x00000006ca700000, 0x00000006ca700000, 0x00000006ca800000|  0%| F|  |TAMS 0x00000006ca700000, 0x00000006ca700000| Untracked 
| 168|0x00000006ca800000, 0x00000006ca800000, 0x00000006ca900000|  0%| F|  |TAMS 0x00000006ca800000, 0x00000006ca800000| Untracked 
| 169|0x00000006ca900000, 0x00000006ca900000, 0x00000006caa00000|  0%| F|  |TAMS 0x00000006ca900000, 0x00000006ca900000| Untracked 
| 170|0x00000006caa00000, 0x00000006caa00000, 0x00000006cab00000|  0%| F|  |TAMS 0x00000006caa00000, 0x00000006caa00000| Untracked 
| 171|0x00000006cab00000, 0x00000006cab00000, 0x00000006cac00000|  0%| F|  |TAMS 0x00000006cab00000, 0x00000006cab00000| Untracked 
| 172|0x00000006cac00000, 0x00000006cac00000, 0x00000006cad00000|  0%| F|  |TAMS 0x00000006cac00000, 0x00000006cac00000| Untracked 
| 173|0x00000006cad00000, 0x00000006cad00000, 0x00000006cae00000|  0%| F|  |TAMS 0x00000006cad00000, 0x00000006cad00000| Untracked 
| 174|0x00000006cae00000, 0x00000006cae00000, 0x00000006caf00000|  0%| F|  |TAMS 0x00000006cae00000, 0x00000006cae00000| Untracked 
| 175|0x00000006caf00000, 0x00000006cafdc440, 0x00000006cb000000| 86%| S|  |TAMS 0x00000006caf00000, 0x00000006caf00000| Complete 
| 176|0x00000006cb000000, 0x00000006cb100000, 0x00000006cb100000|100%| S|  |TAMS 0x00000006cb000000, 0x00000006cb000000| Complete 
| 177|0x00000006cb100000, 0x00000006cb200000, 0x00000006cb200000|100%| S|  |TAMS 0x00000006cb100000, 0x00000006cb100000| Complete 
| 178|0x00000006cb200000, 0x00000006cb300000, 0x00000006cb300000|100%| S|  |TAMS 0x00000006cb200000, 0x00000006cb200000| Complete 
| 179|0x00000006cb300000, 0x00000006cb400000, 0x00000006cb400000|100%| E|CS|TAMS 0x00000006cb300000, 0x00000006cb300000| Complete 
| 180|0x00000006cb400000, 0x00000006cb500000, 0x00000006cb500000|100%| E|CS|TAMS 0x00000006cb400000, 0x00000006cb400000| Complete 
| 181|0x00000006cb500000, 0x00000006cb600000, 0x00000006cb600000|100%| E|CS|TAMS 0x00000006cb500000, 0x00000006cb500000| Complete 
| 182|0x00000006cb600000, 0x00000006cb64f200, 0x00000006cb700000| 30%| E|CS|TAMS 0x00000006cb600000, 0x00000006cb600000| Complete 
| 183|0x00000006cb700000, 0x00000006cb800000, 0x00000006cb800000|100%| E|CS|TAMS 0x00000006cb700000, 0x00000006cb700000| Complete 
| 184|0x00000006cb800000, 0x00000006cb900000, 0x00000006cb900000|100%| E|CS|TAMS 0x00000006cb800000, 0x00000006cb800000| Complete 
| 185|0x00000006cb900000, 0x00000006cba00000, 0x00000006cba00000|100%| E|CS|TAMS 0x00000006cb900000, 0x00000006cb900000| Complete 
| 186|0x00000006cba00000, 0x00000006cbb00000, 0x00000006cbb00000|100%| E|CS|TAMS 0x00000006cba00000, 0x00000006cba00000| Complete 
| 187|0x00000006cbb00000, 0x00000006cbc00000, 0x00000006cbc00000|100%| E|CS|TAMS 0x00000006cbb00000, 0x00000006cbb00000| Complete 
| 188|0x00000006cbc00000, 0x00000006cbd00000, 0x00000006cbd00000|100%| E|CS|TAMS 0x00000006cbc00000, 0x00000006cbc00000| Complete 
| 189|0x00000006cbd00000, 0x00000006cbe00000, 0x00000006cbe00000|100%| E|CS|TAMS 0x00000006cbd00000, 0x00000006cbd00000| Complete 
| 190|0x00000006cbe00000, 0x00000006cbf00000, 0x00000006cbf00000|100%| E|CS|TAMS 0x00000006cbe00000, 0x00000006cbe00000| Complete 
| 191|0x00000006cbf00000, 0x00000006cc000000, 0x00000006cc000000|100%| E|CS|TAMS 0x00000006cbf00000, 0x00000006cbf00000| Complete 
| 192|0x00000006cc000000, 0x00000006cc100000, 0x00000006cc100000|100%| E|CS|TAMS 0x00000006cc000000, 0x00000006cc000000| Complete 
| 193|0x00000006cc100000, 0x00000006cc200000, 0x00000006cc200000|100%| E|CS|TAMS 0x00000006cc100000, 0x00000006cc100000| Complete 
| 194|0x00000006cc200000, 0x00000006cc300000, 0x00000006cc300000|100%| E|CS|TAMS 0x00000006cc200000, 0x00000006cc200000| Complete 
| 195|0x00000006cc300000, 0x00000006cc400000, 0x00000006cc400000|100%| E|CS|TAMS 0x00000006cc300000, 0x00000006cc300000| Complete 
| 196|0x00000006cc400000, 0x00000006cc500000, 0x00000006cc500000|100%| E|CS|TAMS 0x00000006cc400000, 0x00000006cc400000| Complete 
| 197|0x00000006cc500000, 0x00000006cc600000, 0x00000006cc600000|100%| E|CS|TAMS 0x00000006cc500000, 0x00000006cc500000| Complete 
| 198|0x00000006cc600000, 0x00000006cc700000, 0x00000006cc700000|100%| E|CS|TAMS 0x00000006cc600000, 0x00000006cc600000| Complete 
| 199|0x00000006cc700000, 0x00000006cc800000, 0x00000006cc800000|100%| E|CS|TAMS 0x00000006cc700000, 0x00000006cc700000| Complete 
| 200|0x00000006cc800000, 0x00000006cc900000, 0x00000006cc900000|100%| E|CS|TAMS 0x00000006cc800000, 0x00000006cc800000| Complete 
| 201|0x00000006cc900000, 0x00000006cca00000, 0x00000006cca00000|100%| E|CS|TAMS 0x00000006cc900000, 0x00000006cc900000| Complete 
| 202|0x00000006cca00000, 0x00000006ccb00000, 0x00000006ccb00000|100%| E|CS|TAMS 0x00000006cca00000, 0x00000006cca00000| Complete 
| 203|0x00000006ccb00000, 0x00000006ccc00000, 0x00000006ccc00000|100%| E|CS|TAMS 0x00000006ccb00000, 0x00000006ccb00000| Complete 
| 204|0x00000006ccc00000, 0x00000006ccd00000, 0x00000006ccd00000|100%| E|CS|TAMS 0x00000006ccc00000, 0x00000006ccc00000| Complete 
| 205|0x00000006ccd00000, 0x00000006cce00000, 0x00000006cce00000|100%| E|CS|TAMS 0x00000006ccd00000, 0x00000006ccd00000| Complete 
| 206|0x00000006cce00000, 0x00000006ccf00000, 0x00000006ccf00000|100%| E|CS|TAMS 0x00000006cce00000, 0x00000006cce00000| Complete 
| 207|0x00000006ccf00000, 0x00000006cd000000, 0x00000006cd000000|100%| E|CS|TAMS 0x00000006ccf00000, 0x00000006ccf00000| Complete 
| 208|0x00000006cd000000, 0x00000006cd100000, 0x00000006cd100000|100%| E|CS|TAMS 0x00000006cd000000, 0x00000006cd000000| Complete 
| 209|0x00000006cd100000, 0x00000006cd200000, 0x00000006cd200000|100%| E|CS|TAMS 0x00000006cd100000, 0x00000006cd100000| Complete 
| 210|0x00000006cd200000, 0x00000006cd300000, 0x00000006cd300000|100%| E|CS|TAMS 0x00000006cd200000, 0x00000006cd200000| Complete 
| 211|0x00000006cd300000, 0x00000006cd400000, 0x00000006cd400000|100%| E|CS|TAMS 0x00000006cd300000, 0x00000006cd300000| Complete 
| 212|0x00000006cd400000, 0x00000006cd500000, 0x00000006cd500000|100%| E|CS|TAMS 0x00000006cd400000, 0x00000006cd400000| Complete 
| 213|0x00000006cd500000, 0x00000006cd600000, 0x00000006cd600000|100%| E|CS|TAMS 0x00000006cd500000, 0x00000006cd500000| Complete 
| 214|0x00000006cd600000, 0x00000006cd700000, 0x00000006cd700000|100%| E|CS|TAMS 0x00000006cd600000, 0x00000006cd600000| Complete 
| 215|0x00000006cd700000, 0x00000006cd800000, 0x00000006cd800000|100%| E|CS|TAMS 0x00000006cd700000, 0x00000006cd700000| Complete 
| 216|0x00000006cd800000, 0x00000006cd900000, 0x00000006cd900000|100%| E|CS|TAMS 0x00000006cd800000, 0x00000006cd800000| Complete 
| 217|0x00000006cd900000, 0x00000006cda00000, 0x00000006cda00000|100%| E|CS|TAMS 0x00000006cd900000, 0x00000006cd900000| Complete 
| 218|0x00000006cda00000, 0x00000006cdb00000, 0x00000006cdb00000|100%| E|CS|TAMS 0x00000006cda00000, 0x00000006cda00000| Complete 
| 219|0x00000006cdb00000, 0x00000006cdc00000, 0x00000006cdc00000|100%| E|CS|TAMS 0x00000006cdb00000, 0x00000006cdb00000| Complete 
| 220|0x00000006cdc00000, 0x00000006cdd00000, 0x00000006cdd00000|100%| E|CS|TAMS 0x00000006cdc00000, 0x00000006cdc00000| Complete 
| 221|0x00000006cdd00000, 0x00000006cde00000, 0x00000006cde00000|100%| E|CS|TAMS 0x00000006cdd00000, 0x00000006cdd00000| Complete 
| 222|0x00000006cde00000, 0x00000006cdf00000, 0x00000006cdf00000|100%| E|CS|TAMS 0x00000006cde00000, 0x00000006cde00000| Complete 
| 223|0x00000006cdf00000, 0x00000006ce000000, 0x00000006ce000000|100%| E|CS|TAMS 0x00000006cdf00000, 0x00000006cdf00000| Complete 
| 224|0x00000006ce000000, 0x00000006ce100000, 0x00000006ce100000|100%| E|CS|TAMS 0x00000006ce000000, 0x00000006ce000000| Complete 
| 225|0x00000006ce100000, 0x00000006ce200000, 0x00000006ce200000|100%| E|CS|TAMS 0x00000006ce100000, 0x00000006ce100000| Complete 
| 226|0x00000006ce200000, 0x00000006ce300000, 0x00000006ce300000|100%| E|CS|TAMS 0x00000006ce200000, 0x00000006ce200000| Complete 
| 227|0x00000006ce300000, 0x00000006ce400000, 0x00000006ce400000|100%| E|CS|TAMS 0x00000006ce300000, 0x00000006ce300000| Complete 
| 228|0x00000006ce400000, 0x00000006ce500000, 0x00000006ce500000|100%| E|CS|TAMS 0x00000006ce400000, 0x00000006ce400000| Complete 
| 229|0x00000006ce500000, 0x00000006ce600000, 0x00000006ce600000|100%| E|CS|TAMS 0x00000006ce500000, 0x00000006ce500000| Complete 
| 230|0x00000006ce600000, 0x00000006ce700000, 0x00000006ce700000|100%| E|CS|TAMS 0x00000006ce600000, 0x00000006ce600000| Complete 
| 231|0x00000006ce700000, 0x00000006ce800000, 0x00000006ce800000|100%| E|CS|TAMS 0x00000006ce700000, 0x00000006ce700000| Complete 
| 232|0x00000006ce800000, 0x00000006ce900000, 0x00000006ce900000|100%| E|CS|TAMS 0x00000006ce800000, 0x00000006ce800000| Complete 
| 233|0x00000006ce900000, 0x00000006cea00000, 0x00000006cea00000|100%| E|CS|TAMS 0x00000006ce900000, 0x00000006ce900000| Complete 
| 234|0x00000006cea00000, 0x00000006ceb00000, 0x00000006ceb00000|100%| E|CS|TAMS 0x00000006cea00000, 0x00000006cea00000| Complete 
| 235|0x00000006ceb00000, 0x00000006cec00000, 0x00000006cec00000|100%| E|CS|TAMS 0x00000006ceb00000, 0x00000006ceb00000| Complete 
| 236|0x00000006cec00000, 0x00000006ced00000, 0x00000006ced00000|100%| E|CS|TAMS 0x00000006cec00000, 0x00000006cec00000| Complete 
| 237|0x00000006ced00000, 0x00000006cee00000, 0x00000006cee00000|100%| E|CS|TAMS 0x00000006ced00000, 0x00000006ced00000| Complete 
| 238|0x00000006cee00000, 0x00000006cef00000, 0x00000006cef00000|100%| E|CS|TAMS 0x00000006cee00000, 0x00000006cee00000| Complete 
| 239|0x00000006cef00000, 0x00000006cf000000, 0x00000006cf000000|100%| E|CS|TAMS 0x00000006cef00000, 0x00000006cef00000| Complete 
| 240|0x00000006cf000000, 0x00000006cf100000, 0x00000006cf100000|100%| E|CS|TAMS 0x00000006cf000000, 0x00000006cf000000| Complete 
| 241|0x00000006cf100000, 0x00000006cf200000, 0x00000006cf200000|100%| E|CS|TAMS 0x00000006cf100000, 0x00000006cf100000| Complete 
| 242|0x00000006cf200000, 0x00000006cf300000, 0x00000006cf300000|100%| E|CS|TAMS 0x00000006cf200000, 0x00000006cf200000| Complete 
| 243|0x00000006cf300000, 0x00000006cf400000, 0x00000006cf400000|100%| E|CS|TAMS 0x00000006cf300000, 0x00000006cf300000| Complete 
| 244|0x00000006cf400000, 0x00000006cf500000, 0x00000006cf500000|100%| E|CS|TAMS 0x00000006cf400000, 0x00000006cf400000| Complete 
| 245|0x00000006cf500000, 0x00000006cf600000, 0x00000006cf600000|100%| E|CS|TAMS 0x00000006cf500000, 0x00000006cf500000| Complete 
| 246|0x00000006cf600000, 0x00000006cf700000, 0x00000006cf700000|100%| E|CS|TAMS 0x00000006cf600000, 0x00000006cf600000| Complete 
| 247|0x00000006cf700000, 0x00000006cf800000, 0x00000006cf800000|100%| E|CS|TAMS 0x00000006cf700000, 0x00000006cf700000| Complete 
| 248|0x00000006cf800000, 0x00000006cf900000, 0x00000006cf900000|100%| E|CS|TAMS 0x00000006cf800000, 0x00000006cf800000| Complete 
| 249|0x00000006cf900000, 0x00000006cfa00000, 0x00000006cfa00000|100%| E|CS|TAMS 0x00000006cf900000, 0x00000006cf900000| Complete 
| 250|0x00000006cfa00000, 0x00000006cfb00000, 0x00000006cfb00000|100%| E|CS|TAMS 0x00000006cfa00000, 0x00000006cfa00000| Complete 
| 251|0x00000006cfb00000, 0x00000006cfc00000, 0x00000006cfc00000|100%| E|CS|TAMS 0x00000006cfb00000, 0x00000006cfb00000| Complete 
| 252|0x00000006cfc00000, 0x00000006cfd00000, 0x00000006cfd00000|100%| E|CS|TAMS 0x00000006cfc00000, 0x00000006cfc00000| Complete 
| 253|0x00000006cfd00000, 0x00000006cfe00000, 0x00000006cfe00000|100%| E|CS|TAMS 0x00000006cfd00000, 0x00000006cfd00000| Complete 
| 254|0x00000006cfe00000, 0x00000006cff00000, 0x00000006cff00000|100%| E|CS|TAMS 0x00000006cfe00000, 0x00000006cfe00000| Complete 
| 255|0x00000006cff00000, 0x00000006d0000000, 0x00000006d0000000|100%| E|CS|TAMS 0x00000006cff00000, 0x00000006cff00000| Complete 

Card table byte_map: [0x000000011c9dc000,0x000000011d1dc000] _byte_map_base: 0x00000001193dc000

Marking Bits (Prev, Next): (CMBitMap*) 0x000000015b819c50, (CMBitMap*) 0x000000015b819c18
 Prev Bits: [0x00000001219dc000, 0x00000001259dc000)
 Next Bits: [0x000000011d9dc000, 0x00000001219dc000)

Polling page: 0x000000010498c000

Metaspace:

Usage:
  Non-class:     23.51 MB capacity,    23.08 MB ( 98%) used,   369.44 KB (  2%) free+waste,    71.81 KB ( <1%) overhead. 
      Class:      3.20 MB capacity,     2.92 MB ( 91%) used,   248.97 KB (  8%) free+waste,    34.69 KB (  1%) overhead. 
       Both:     26.71 MB capacity,    26.00 MB ( 97%) used,   618.41 KB (  2%) free+waste,   106.50 KB ( <1%) overhead. 

Virtual space:
  Non-class space:       24.00 MB reserved,      23.67 MB ( 99%) committed 
      Class space:        1.00 GB reserved,       3.25 MB ( <1%) committed 
             Both:        1.02 GB reserved,      26.92 MB (  3%) committed 

Chunk freelists:
   Non-Class:  4.62 KB
       Class:  2.62 KB
        Both:  7.25 KB

CodeHeap 'non-profiled nmethods': size=120032Kb used=1149Kb max_used=1149Kb free=118882Kb
 bounds [0x00000001154a4000, 0x0000000115714000, 0x000000011c9dc000]
CodeHeap 'profiled nmethods': size=120016Kb used=4910Kb max_used=4910Kb free=115105Kb
 bounds [0x000000010df70000, 0x000000010e440000, 0x00000001154a4000]
CodeHeap 'non-nmethods': size=5712Kb used=1137Kb max_used=1349Kb free=4574Kb
 bounds [0x000000010d9dc000, 0x000000010dc4c000, 0x000000010df70000]
 total_blobs=2705 nmethods=2195 adapters=433
 compilation: enabled
              stopped_count=0, restarted_count=0
 full_count=0

Compilation events (10 events):
Event: 11559.442 Thread 0x000000015b85a000 2263       3       org.asynchttpclient.cookie.ThreadSafeCookieStore::removeExpired (56 bytes)
Event: 11559.445 Thread 0x000000015b85a000 nmethod 2263 0x000000010e439f90 code [0x000000010e43a200, 0x000000010e43ad40]
Event: 11559.445 Thread 0x000000015b85a000 2264       3       java.util.concurrent.ConcurrentHashMap$ValuesView::forEach (63 bytes)
Event: 11559.446 Thread 0x000000015b85a000 nmethod 2264 0x000000010e43b110 code [0x000000010e43b340, 0x000000010e43b910]
Event: 32470.051 Thread 0x000000015a0c1800 2266       4       java.util.concurrent.ConcurrentHashMap::values (25 bytes)
Event: 32470.061 Thread 0x000000015a0c1800 nmethod 2266 0x00000001155c2d10 code [0x00000001155c2e80, 0x00000001155c2f30]
Event: 74934.258 Thread 0x000000015b85a000 2267       1       io.netty.util.internal.shaded.org.jctools.queues.BaseMpscLinkedArrayQueueConsumerFields::lvConsumerIndex (5 bytes)
Event: 74934.263 Thread 0x000000015b85a000 nmethod 2267 0x00000001155c2f90 code [0x00000001155c3100, 0x00000001155c3250]
Event: 96527.540 Thread 0x000000015a0c1800 2268       4       org.eclipse.jdt.launching.internal.org.objectweb.asm.MethodWriter::setMethodAttributesSource (17 bytes)
Event: 96527.547 Thread 0x000000015a0c1800 nmethod 2268 0x00000001155c3310 code [0x00000001155c3480, 0x00000001155c3520]

GC Heap History (5 events):
Event: 0.857 GC heap before
{Heap before GC invocations=0 (full 0):
 garbage-first heap   total 262144K, used 23552K [0x00000006c0000000, 0x00000007c0000000)
  region size 1024K, 24 young (24576K), 0 survivors (0K)
 Metaspace       used 12815K, capacity 13079K, committed 13184K, reserved 1060864K
  class space    used 1245K, capacity 1347K, committed 1408K, reserved 1048576K
}
Event: 0.859 GC heap after
{Heap after GC invocations=1 (full 0):
 garbage-first heap   total 262144K, used 4375K [0x00000006c0000000, 0x00000007c0000000)
  region size 1024K, 3 young (3072K), 3 survivors (3072K)
 Metaspace       used 12815K, capacity 13079K, committed 13184K, reserved 1060864K
  class space    used 1245K, capacity 1347K, committed 1408K, reserved 1048576K
}
Event: 1.164 GC heap before
{Heap before GC invocations=1 (full 0):
 garbage-first heap   total 262144K, used 68887K [0x00000006c0000000, 0x00000007c0000000)
  region size 1024K, 67 young (68608K), 3 survivors (3072K)
 Metaspace       used 20742K, capacity 21196K, committed 21296K, reserved 1069056K
  class space    used 2219K, capacity 2391K, committed 2432K, reserved 1048576K
}
Event: 1.166 GC heap after
{Heap after GC invocations=2 (full 0):
 garbage-first heap   total 262144K, used 7764K [0x00000006c0000000, 0x00000007c0000000)
  region size 1024K, 7 young (7168K), 7 survivors (7168K)
 Metaspace       used 20742K, capacity 21196K, committed 21296K, reserved 1069056K
  class space    used 2219K, capacity 2391K, committed 2432K, reserved 1048576K
}
Event: 103059.447 GC heap before
{Heap before GC invocations=3 (full 0):
 garbage-first heap   total 262144K, used 84564K [0x00000006c0000000, 0x00000007c0000000)
  region size 1024K, 77 young (78848K), 7 survivors (7168K)
 Metaspace       used 26625K, capacity 27350K, committed 27568K, reserved 1073152K
  class space    used 2991K, capacity 3275K, committed 3328K, reserved 1048576K
}

Deoptimization events (10 events):
Event: 8.521 Thread 0x000000015b811000 Uncommon trap: reason=unstable_if action=reinterpret pc=0x00000001154e1600 method=org.eclipse.jdt.launching.internal.org.objectweb.asm.ClassReader.readUtf(II[C)Ljava/lang/String; @ 41 c2
Event: 8.521 Thread 0x000000015b811000 Uncommon trap: reason=unstable_if action=reinterpret pc=0x000000011556189c method=java.lang.String.isLatin1()Z @ 10 c2
Event: 8.522 Thread 0x000000015b811000 Uncommon trap: reason=unstable_if action=reinterpret pc=0x00000001154b074c method=java.lang.String.isLatin1()Z @ 10 c2
Event: 8.522 Thread 0x000000015b811000 Uncommon trap: reason=unstable_if action=reinterpret pc=0x00000001154af064 method=java.lang.String.isLatin1()Z @ 10 c2
Event: 8.542 Thread 0x000000015b811000 Uncommon trap: reason=class_check action=maybe_recompile pc=0x00000001155023a0 method=java.util.HashMap.putVal(ILjava/lang/Object;Ljava/lang/Object;ZZ)Ljava/lang/Object; @ 253 c2
Event: 8.549 Thread 0x000000015b811000 Uncommon trap: reason=unstable_if action=reinterpret pc=0x0000000115518b3c method=java.util.concurrent.ConcurrentHashMap.putVal(Ljava/lang/Object;Ljava/lang/Object;Z)Ljava/lang/Object; @ 231 c2
Event: 8.577 Thread 0x000000012f014800 Uncommon trap: reason=unstable_if action=reinterpret pc=0x000000011555a060 method=java.util.HashMap.getNode(ILjava/lang/Object;)Ljava/util/HashMap$Node; @ 129 c2
Event: 8.577 Thread 0x000000012f014800 Uncommon trap: reason=unstable_if action=reinterpret pc=0x000000011553c6ac method=java.util.HashMap.getNode(ILjava/lang/Object;)Ljava/util/HashMap$Node; @ 129 c2
Event: 8.608 Thread 0x000000015b811000 Uncommon trap: reason=unstable_if action=reinterpret pc=0x00000001154a5200 method=java.lang.String.isLatin1()Z @ 10 c2
Event: 8.620 Thread 0x000000015bf52800 Uncommon trap: reason=unstable_if action=reinterpret pc=0x00000001155224f8 method=java.io.ByteArrayInputStream.read()I @ 8 c2

Classes redefined (10 events):
Event: 7679.381 Thread 0x000000015a856800 redefined class name=streaminselenium, count=8
Event: 8007.459 Thread 0x000000015a856800 redefined class name=streaminselenium, count=9
Event: 8065.064 Thread 0x000000015a856800 redefined class name=streaminselenium, count=10
Event: 9397.649 Thread 0x000000015a856800 redefined class name=streaminselenium, count=11
Event: 9410.933 Thread 0x000000015a856800 redefined class name=streaminselenium, count=12
Event: 9518.045 Thread 0x000000015a856800 redefined class name=streaminselenium, count=13
Event: 9556.573 Thread 0x000000015a856800 redefined class name=streaminselenium, count=14
Event: 96527.624 Thread 0x000000015a856800 redefined class name=streaminselenium, count=15
Event: 96667.013 Thread 0x000000015a856800 redefined class name=streaminselenium, count=16
Event: 102027.122 Thread 0x000000015a856800 redefined class name=streaminselenium, count=17

Internal exceptions (10 events):
Event: 1.149 Thread 0x000000015b811000 Exception <a 'java/lang/NoSuchMethodError'{0x00000006cc004170}: java.lang.invoke.DirectMethodHandle$Holder.invokeVirtual(Ljava/lang/Object;Ljava/lang/Object;)J> (0x00000006cc004170) thrown at [open/src/hotspot/share/interpreter/linkResolver.cpp, line 772]
Event: 1.150 Thread 0x000000015b811000 Exception <a 'java/lang/NoSuchMethodError'{0x00000006cc080c10}: java.lang.invoke.DirectMethodHandle$Holder.invokeVirtual(Ljava/lang/Object;Ljava/lang/Object;Ljava/lang/Object;)Ljava/lang/Object;> (0x00000006cc080c10) thrown at [open/src/hotspot/share/inte
Event: 1.161 Thread 0x000000015b811000 Exception <a 'java/lang/NoSuchMethodError'{0x00000006cbeaf3a0}: java.lang.invoke.DirectMethodHandle$Holder.invokeSpecial(Ljava/lang/Object;Ljava/lang/Object;Ljava/lang/Object;Ljava/lang/Object;Ljava/lang/Object;)V> (0x00000006cbeaf3a0) thrown at [open/src
Event: 1.162 Thread 0x000000015b811000 Exception <a 'java/lang/NoSuchMethodError'{0x00000006cbebe628}: java.lang.invoke.DirectMethodHandle$Holder.invokeStatic(Ljava/lang/Object;Ljava/lang/Object;I)V> (0x00000006cbebe628) thrown at [open/src/hotspot/share/interpreter/linkResolver.cpp, line 772]
Event: 1.187 Thread 0x000000015b811000 Exception <a 'java/lang/NoSuchMethodError'{0x00000006cfa5a7b8}: java.lang.invoke.DirectMethodHandle$Holder.invokeSpecialIFC(Ljava/lang/Object;Ljava/lang/Object;Ljava/lang/Object;)I> (0x00000006cfa5a7b8) thrown at [open/src/hotspot/share/interpreter/linkRe
Event: 1.200 Thread 0x000000015b811000 Exception <a 'java/lang/NoSuchMethodError'{0x00000006cf8bfa20}: java.lang.invoke.DirectMethodHandle$Holder.invokeStatic(Ljava/lang/Object;Ljava/lang/Object;Ljava/lang/Object;Ljava/lang/Object;)V> (0x00000006cf8bfa20) thrown at [open/src/hotspot/share/inte
Event: 1.220 Thread 0x000000015b811000 Exception <a 'java/lang/NoSuchMethodError'{0x00000006cf1ce4b8}: java.lang.invoke.DirectMethodHandle$Holder.invokeSpecial(Ljava/lang/Object;Ljava/lang/Object;Ljava/lang/Object;Ljava/lang/Object;Ljava/lang/Object;Ljava/lang/Object;)V> (0x00000006cf1ce4b8) t
Event: 8.539 Thread 0x000000015b811000 Exception <a 'java/lang/NoSuchMethodError'{0x00000006cd8150c0}: java.lang.invoke.DirectMethodHandle$Holder.invokeSpecialIFC(Ljava/lang/Object;Ljava/lang/Object;Ljava/lang/Object;)Ljava/lang/Object;> (0x00000006cd8150c0) thrown at [open/src/hotspot/share/i
Event: 8.599 Thread 0x000000015b811000 Exception <a 'java/lang/NoSuchMethodError'{0x00000006ccd31d80}: java.lang.invoke.DirectMethodHandle$Holder.invokeStatic(Ljava/lang/Object;ILjava/lang/Object;)Ljava/lang/Object;> (0x00000006ccd31d80) thrown at [open/src/hotspot/share/interpreter/linkResolv
Event: 8.609 Thread 0x000000015b811000 Exception <a 'java/lang/ClassNotFoundException'{0x00000006ccc69e40}: sun/util/logging/resources/spi/loggingProvider> (0x00000006ccc69e40) thrown at [open/src/hotspot/share/classfile/systemDictionary.cpp, line 226]

Events (10 events):
Event: 102027.136 Executing VM operation: GetFrameCount done
Event: 102027.136 Executing VM operation: GetStackTrace
Event: 102027.136 Executing VM operation: GetStackTrace done
Event: 102027.396 Executing VM operation: GetFrameCount
Event: 102027.396 Executing VM operation: GetFrameCount done
Event: 102027.397 Executing VM operation: GetOwnedMonitorInfo
Event: 102027.397 Executing VM operation: GetOwnedMonitorInfo done
Event: 102027.397 Executing VM operation: GetCurrentContendedMonitor
Event: 102027.398 Executing VM operation: GetCurrentContendedMonitor done
Event: 103059.447 Executing VM operation: G1CollectForAllocation


Dynamic libraries:
0x0000000104938000 	/Library/Java/JavaVirtualMachines/jdk-11.jdk/Contents/Home/lib/jli/libjli.dylib
0x000000019d290000 	/System/Library/Frameworks/Cocoa.framework/Versions/A/Cocoa
0x0000000189499000 	/System/Library/Frameworks/AppKit.framework/Versions/C/AppKit
0x000000018c9b0000 	/System/Library/Frameworks/CoreData.framework/Versions/A/CoreData
0x00000001877f4000 	/System/Library/Frameworks/Foundation.framework/Versions/C/Foundation
0x000000019140d000 	/usr/lib/libSystem.B.dylib
0x000000018a352000 	/System/Library/PrivateFrameworks/UIFoundation.framework/Versions/A/UIFoundation
0x000000019745b000 	/System/Library/PrivateFrameworks/RemoteViewServices.framework/Versions/A/RemoteViewServices
0x000000018f8cc000 	/System/Library/PrivateFrameworks/XCTTargetBootstrap.framework/Versions/A/XCTTargetBootstrap
0x000000019314f000 	/System/Library/PrivateFrameworks/InternationalSupport.framework/Versions/A/InternationalSupport
0x00000001931d8000 	/System/Library/PrivateFrameworks/UserActivity.framework/Versions/A/UserActivity
0x0000000192644000 	/usr/lib/libspindump.dylib
0x000000018a5c3000 	/System/Library/Frameworks/UniformTypeIdentifiers.framework/Versions/A/UniformTypeIdentifiers
0x000000018de14000 	/usr/lib/libapp_launch_measurement.dylib
0x000000018d33c000 	/System/Library/PrivateFrameworks/CoreAnalytics.framework/Versions/A/CoreAnalytics
0x000000018de17000 	/System/Library/PrivateFrameworks/CoreAutoLayout.framework/Versions/A/CoreAutoLayout
0x000000018f1bb000 	/System/Library/Frameworks/Metal.framework/Versions/A/Metal
0x000000018ff35000 	/usr/lib/liblangid.dylib
0x000000018f8d1000 	/System/Library/PrivateFrameworks/CoreSVG.framework/Versions/A/CoreSVG
0x000000018ba5a000 	/System/Library/PrivateFrameworks/SkyLight.framework/Versions/A/SkyLight
0x000000018be36000 	/System/Library/Frameworks/CoreGraphics.framework/Versions/A/CoreGraphics
0x0000000197b27000 	/System/Library/Frameworks/Accelerate.framework/Versions/A/Accelerate
0x00000001920bb000 	/System/Library/PrivateFrameworks/IconServices.framework/Versions/A/IconServices
0x000000018f19d000 	/System/Library/Frameworks/IOSurface.framework/Versions/A/IOSurface
0x000000018d36d000 	/usr/lib/libDiagnosticMessagesClient.dylib
0x0000000191356000 	/usr/lib/libz.1.dylib
0x000000019b02d000 	/System/Library/Frameworks/ApplicationServices.framework/Versions/A/ApplicationServices
0x000000018f8b4000 	/System/Library/PrivateFrameworks/DFRFoundation.framework/Versions/A/DFRFoundation
0x0000000188d29000 	/usr/lib/libicucore.A.dylib
0x0000000193ffd000 	/System/Library/Frameworks/AudioToolbox.framework/Versions/A/AudioToolbox
0x000000019315b000 	/System/Library/PrivateFrameworks/DataDetectorsCore.framework/Versions/A/DataDetectorsCore
0x00000001a9b79000 	/System/Library/PrivateFrameworks/TextInput.framework/Versions/A/TextInput
0x000000018b9cf000 	/usr/lib/libMobileGestalt.dylib
0x000000018f580000 	/System/Library/Frameworks/Carbon.framework/Versions/A/Frameworks/HIToolbox.framework/Versions/A/HIToolbox
0x000000018d7ed000 	/System/Library/Frameworks/QuartzCore.framework/Versions/A/QuartzCore
0x00000001889aa000 	/System/Library/Frameworks/Security.framework/Versions/A/Security
0x000000019749b000 	/System/Library/Frameworks/Carbon.framework/Versions/A/Frameworks/SpeechRecognition.framework/Versions/A/SpeechRecognition
0x000000018db69000 	/System/Library/PrivateFrameworks/CoreUI.framework/Versions/A/CoreUI
0x0000000188286000 	/System/Library/Frameworks/CoreAudio.framework/Versions/A/CoreAudio
0x000000018d461000 	/System/Library/Frameworks/DiskArbitration.framework/Versions/A/DiskArbitration
0x0000000192a4e000 	/System/Library/PrivateFrameworks/MultitouchSupport.framework/Versions/A/MultitouchSupport
0x000000018b9cd000 	/usr/lib/libenergytrace.dylib
0x0000000189361000 	/System/Library/Frameworks/IOKit.framework/Versions/A/IOKit
0x000000019788a000 	/System/Library/Frameworks/CoreServices.framework/Versions/A/CoreServices
0x000000018dda4000 	/System/Library/PrivateFrameworks/PerformanceAnalysis.framework/Versions/A/PerformanceAnalysis
0x00000001e8023000 	/System/Library/Frameworks/OpenGL.framework/Versions/A/OpenGL
0x00000001909a8000 	/System/Library/PrivateFrameworks/MobileKeyBag.framework/Versions/A/MobileKeyBag
0x0000000186727000 	/usr/lib/libobjc.A.dylib
0x000000018c444000 	/System/Library/Frameworks/ColorSync.framework/Versions/A/ColorSync
0x00000001868f0000 	/System/Library/Frameworks/CoreFoundation.framework/Versions/A/CoreFoundation
0x000000018fb51000 	/System/Library/Frameworks/CoreImage.framework/Versions/A/CoreImage
0x00000001880aa000 	/System/Library/Frameworks/CoreText.framework/Versions/A/CoreText
0x000000018f901000 	/System/Library/Frameworks/ImageIO.framework/Versions/A/ImageIO
0x0000000191413000 	/System/Library/PrivateFrameworks/SoftLinking.framework/Versions/A/SoftLinking
0x000000018de62000 	/usr/lib/libxml2.2.dylib
0x00000001867ea000 	/usr/lib/libc++.1.dylib
0x00000001916ac000 	/usr/lib/libcompression.dylib
0x00000001930ab000 	/System/Library/PrivateFrameworks/TextureIO.framework/Versions/A/TextureIO
0x0000000191dd4000 	/usr/lib/libate.dylib
0x0000000191407000 	/usr/lib/system/libcache.dylib
0x00000001913c5000 	/usr/lib/system/libcommonCrypto.dylib
0x00000001913ee000 	/usr/lib/system/libcompiler_rt.dylib
0x00000001913e5000 	/usr/lib/system/libcopyfile.dylib
0x000000018662b000 	/usr/lib/system/libcorecrypto.dylib
0x00000001866e0000 	/usr/lib/system/libdispatch.dylib
0x00000001868ae000 	/usr/lib/system/libdyld.dylib
0x00000001913fd000 	/usr/lib/system/libkeymgr.dylib
0x00000001913a0000 	/usr/lib/system/libmacho.dylib
0x0000000190a90000 	/usr/lib/system/libquarantine.dylib
0x00000001913fa000 	/usr/lib/system/libremovefile.dylib
0x000000018ba26000 	/usr/lib/system/libsystem_asl.dylib
0x00000001865cd000 	/usr/lib/system/libsystem_blocks.dylib
0x0000000186768000 	/usr/lib/system/libsystem_c.dylib
0x00000001913f2000 	/usr/lib/system/libsystem_collections.dylib
0x000000018ff25000 	/usr/lib/system/libsystem_configuration.dylib
0x000000018f17e000 	/usr/lib/system/libsystem_containermanager.dylib
0x00000001910fd000 	/usr/lib/system/libsystem_coreservices.dylib
0x0000000188fdf000 	/usr/lib/system/libsystem_darwin.dylib
0x00000001913fe000 	/usr/lib/system/libsystem_dnssd.dylib
0x0000000186765000 	/usr/lib/system/libsystem_featureflags.dylib
0x00000001868c3000 	/usr/lib/system/libsystem_info.dylib
0x0000000191368000 	/usr/lib/system/libsystem_m.dylib
0x00000001866b5000 	/usr/lib/system/libsystem_malloc.dylib
0x000000018b9b4000 	/usr/lib/system/libsystem_networkextension.dylib
0x0000000189438000 	/usr/lib/system/libsystem_notify.dylib
0x0000000197761000 	/usr/lib/system/libsystem_product_info_filter.dylib
0x000000018ff2a000 	/usr/lib/system/libsystem_sandbox.dylib
0x00000001913f7000 	/usr/lib/system/libsystem_secinit.dylib
0x0000000186869000 	/usr/lib/system/libsystem_kernel.dylib
0x00000001868bb000 	/usr/lib/system/libsystem_platform.dylib
0x00000001868a1000 	/usr/lib/system/libsystem_pthread.dylib
0x000000018d18a000 	/usr/lib/system/libsystem_symptoms.dylib
0x0000000186611000 	/usr/lib/system/libsystem_trace.dylib
0x00000001913d2000 	/usr/lib/system/libunwind.dylib
0x00000001865cf000 	/usr/lib/system/libxpc.dylib
0x0000000186851000 	/usr/lib/libc++abi.dylib
0x00000001913dd000 	/usr/lib/liboah.dylib
0x0000000191c99000 	/usr/lib/liblzma.5.dylib
0x00000001874e7000 	/System/Library/Frameworks/SystemConfiguration.framework/Versions/A/SystemConfiguration
0x000000019140f000 	/usr/lib/libfakelink.dylib
0x000000018b4ff000 	/System/Library/Frameworks/CFNetwork.framework/Versions/A/CFNetwork
0x0000000191555000 	/usr/lib/libarchive.2.dylib
0x000000018ff31000 	/System/Library/PrivateFrameworks/AppleSystemInfo.framework/Versions/A/AppleSystemInfo
0x0000000190abb000 	/usr/lib/libbsm.0.dylib
0x000000018aa6c000 	/usr/lib/libnetwork.dylib
0x00000001913a9000 	/usr/lib/system/libkxld.dylib
0x00000001906d5000 	/System/Library/PrivateFrameworks/IOMobileFramebuffer.framework/Versions/A/IOMobileFramebuffer
0x0000000206412000 	/usr/lib/libCoreEntitlements.dylib
0x00000001910df000 	/System/Library/PrivateFrameworks/AppleFSCompression.framework/Versions/A/AppleFSCompression
0x0000000190aa3000 	/usr/lib/libcoretls.dylib
0x0000000191cb2000 	/usr/lib/libcoretls_cfhelpers.dylib
0x00000001916a7000 	/usr/lib/libpam.2.dylib
0x000000018cda0000 	/usr/lib/libsqlite3.dylib
0x0000000191d1b000 	/usr/lib/libxar.1.dylib
0x00000001910f0000 	/usr/lib/libbz2.1.0.dylib
0x0000000191414000 	/usr/lib/libpcap.A.dylib
0x000000018d181000 	/usr/lib/libdns_services.dylib
0x000000019167a000 	/usr/lib/libapple_nghttp2.dylib
0x0000000191451000 	/usr/lib/libiconv.2.dylib
0x000000019139f000 	/usr/lib/libcharset.1.dylib
0x000000018dde0000 	/System/Library/Frameworks/CoreServices.framework/Versions/A/Frameworks/FSEvents.framework/Versions/A/FSEvents
0x0000000188fea000 	/System/Library/Frameworks/CoreServices.framework/Versions/A/Frameworks/CarbonCore.framework/Versions/A/CarbonCore
0x000000018d3c1000 	/System/Library/Frameworks/CoreServices.framework/Versions/A/Frameworks/Metadata.framework/Versions/A/Metadata
0x0000000191103000 	/System/Library/Frameworks/CoreServices.framework/Versions/A/Frameworks/OSServices.framework/Versions/A/OSServices
0x00000001915db000 	/System/Library/Frameworks/CoreServices.framework/Versions/A/Frameworks/SearchKit.framework/Versions/A/SearchKit
0x000000018d10f000 	/System/Library/Frameworks/CoreServices.framework/Versions/A/Frameworks/AE.framework/Versions/A/AE
0x0000000186e37000 	/System/Library/Frameworks/CoreServices.framework/Versions/A/Frameworks/LaunchServices.framework/Versions/A/LaunchServices
0x0000000191c42000 	/System/Library/Frameworks/CoreServices.framework/Versions/A/Frameworks/DictionaryServices.framework/Versions/A/DictionaryServices
0x000000018dded000 	/System/Library/Frameworks/CoreServices.framework/Versions/A/Frameworks/SharedFileList.framework/Versions/A/SharedFileList
0x0000000190a93000 	/usr/lib/libCheckFix.dylib
0x000000018ba3e000 	/System/Library/PrivateFrameworks/TCC.framework/Versions/A/TCC
0x000000018ff37000 	/System/Library/PrivateFrameworks/CoreNLP.framework/Versions/A/CoreNLP
0x000000018d370000 	/System/Library/PrivateFrameworks/MetadataUtilities.framework/Versions/A/MetadataUtilities
0x00000001875a1000 	/usr/lib/libmecabra.dylib
0x0000000190acc000 	/usr/lib/libmecab.dylib
0x000000018756d000 	/usr/lib/libCRFSuite.dylib
0x0000000190b29000 	/usr/lib/libgermantok.dylib
0x0000000191653000 	/usr/lib/libThaiTokenizer.dylib
0x000000018d469000 	/System/Library/Frameworks/Accelerate.framework/Versions/A/Frameworks/vImage.framework/Versions/A/vImage
0x0000000197861000 	/System/Library/Frameworks/Accelerate.framework/Versions/A/Frameworks/vecLib.framework/Versions/A/vecLib
0x0000000191d60000 	/System/Library/Frameworks/Accelerate.framework/Versions/A/Frameworks/vecLib.framework/Versions/A/libvMisc.dylib
0x00000001905dc000 	/System/Library/Frameworks/Accelerate.framework/Versions/A/Frameworks/vecLib.framework/Versions/A/libvDSP.dylib
0x00000001871c2000 	/System/Library/Frameworks/Accelerate.framework/Versions/A/Frameworks/vecLib.framework/Versions/A/libBLAS.dylib
0x000000019177d000 	/System/Library/Frameworks/Accelerate.framework/Versions/A/Frameworks/vecLib.framework/Versions/A/libLAPACK.dylib
0x0000000190b2c000 	/System/Library/Frameworks/Accelerate.framework/Versions/A/Frameworks/vecLib.framework/Versions/A/libLinearAlgebra.dylib
0x0000000191692000 	/System/Library/Frameworks/Accelerate.framework/Versions/A/Frameworks/vecLib.framework/Versions/A/libSparseBLAS.dylib
0x0000000191778000 	/System/Library/Frameworks/Accelerate.framework/Versions/A/Frameworks/vecLib.framework/Versions/A/libQuadrature.dylib
0x0000000190030000 	/System/Library/Frameworks/Accelerate.framework/Versions/A/Frameworks/vecLib.framework/Versions/A/libBNNS.dylib
0x0000000187480000 	/System/Library/Frameworks/Accelerate.framework/Versions/A/Frameworks/vecLib.framework/Versions/A/libSparse.dylib
0x0000000190028000 	/System/Library/PrivateFrameworks/LinguisticData.framework/Versions/A/LinguisticData
0x0000000187438000 	/System/Library/PrivateFrameworks/Lexicon.framework/Versions/A/Lexicon
0x0000000191d58000 	/usr/lib/libChineseTokenizer.dylib
0x0000000187be6000 	/System/Library/PrivateFrameworks/LanguageModeling.framework/Versions/A/LanguageModeling
0x0000000191655000 	/System/Library/PrivateFrameworks/AppleSauce.framework/Versions/A/AppleSauce
0x00000001906c2000 	/System/Library/PrivateFrameworks/CoreEmoji.framework/Versions/A/CoreEmoji
0x0000000191543000 	/usr/lib/libcmph.dylib
0x000000018ddc0000 	/System/Library/Frameworks/OpenDirectory.framework/Versions/A/Frameworks/CFOpenDirectory.framework/Versions/A/CFOpenDirectory
0x000000018ddb0000 	/System/Library/Frameworks/OpenDirectory.framework/Versions/A/OpenDirectory
0x0000000191cb4000 	/System/Library/PrivateFrameworks/APFS.framework/Versions/A/APFS
0x00000001909e3000 	/System/Library/Frameworks/SecurityFoundation.framework/Versions/A/SecurityFoundation
0x0000000191d2a000 	/usr/lib/libutil.dylib
0x0000000189323000 	/System/Library/PrivateFrameworks/CoreServicesStore.framework/Versions/A/CoreServicesStore
0x0000000191d2e000 	/usr/lib/libxslt.1.dylib
0x0000000190a77000 	/System/Library/PrivateFrameworks/BackgroundTaskManagement.framework/Versions/A/BackgroundTaskManagement
0x0000000192fcc000 	/System/Library/Frameworks/ImageIO.framework/Versions/A/Resources/libRadiance.dylib
0x0000000192fd5000 	/System/Library/Frameworks/ImageIO.framework/Versions/A/Resources/libJPEG.dylib
0x0000000192f26000 	/System/Library/Frameworks/ImageIO.framework/Versions/A/Resources/libPng.dylib
0x0000000192f48000 	/System/Library/Frameworks/ImageIO.framework/Versions/A/Resources/libTIFF.dylib
0x0000000193030000 	/System/Library/Frameworks/ImageIO.framework/Versions/A/Resources/libGIF.dylib
0x000000019295e000 	/System/Library/Frameworks/ImageIO.framework/Versions/A/Resources/libJP2.dylib
0x0000000192080000 	/usr/lib/libexpat.1.dylib
0x0000000192919000 	/System/Library/PrivateFrameworks/AppleJPEG.framework/Versions/A/AppleJPEG
0x000000018f43c000 	/System/Library/PrivateFrameworks/FontServices.framework/libFontParser.dylib
0x000000018d0b4000 	/System/Library/PrivateFrameworks/RunningBoardServices.framework/Versions/A/RunningBoardServices
0x000000019d967000 	/System/Library/PrivateFrameworks/IOSurfaceAccelerator.framework/Versions/A/IOSurfaceAccelerator
0x0000000192a4a000 	/System/Library/PrivateFrameworks/WatchdogClient.framework/Versions/A/WatchdogClient
0x0000000187ce6000 	/System/Library/Frameworks/CoreDisplay.framework/Versions/A/CoreDisplay
0x000000018f326000 	/System/Library/Frameworks/CoreMedia.framework/Versions/A/CoreMedia
0x000000018f1b1000 	/System/Library/PrivateFrameworks/IOAccelerator.framework/Versions/A/IOAccelerator
0x000000018df50000 	/System/Library/Frameworks/CoreVideo.framework/Versions/A/CoreVideo
0x00000001916a5000 	/System/Library/Frameworks/MetalPerformanceShaders.framework/Versions/A/MetalPerformanceShaders
0x0000000192a89000 	/System/Library/Frameworks/VideoToolbox.framework/Versions/A/VideoToolbox
0x000000018cff8000 	/System/Library/PrivateFrameworks/BaseBoard.framework/Versions/A/BaseBoard
0x000000018cd86000 	/System/Library/PrivateFrameworks/ProtocolBuffer.framework/Versions/A/ProtocolBuffer
0x0000000192fc7000 	/System/Library/PrivateFrameworks/GPUWrangler.framework/Versions/A/GPUWrangler
0x0000000192fa7000 	/System/Library/PrivateFrameworks/IOPresentment.framework/Versions/A/IOPresentment
0x0000000192fcf000 	/System/Library/PrivateFrameworks/DSExternalDisplay.framework/Versions/A/DSExternalDisplay
0x00000001e8016000 	/System/Library/Frameworks/OpenGL.framework/Versions/A/Libraries/libCoreFSCache.dylib
0x00000001f2ee0000 	/System/Library/PrivateFrameworks/GPUCompiler.framework/Versions/31001/Libraries/libGPUCompilerUtils.dylib
0x0000000193035000 	/System/Library/PrivateFrameworks/CMCaptureCore.framework/Versions/A/CMCaptureCore
0x0000000192631000 	/System/Library/PrivateFrameworks/AppServerSupport.framework/Versions/A/AppServerSupport
0x00000001948bb000 	/System/Library/PrivateFrameworks/perfdata.framework/Versions/A/perfdata
0x0000000187e06000 	/System/Library/PrivateFrameworks/AudioToolboxCore.framework/Versions/A/AudioToolboxCore
0x000000018f2ff000 	/System/Library/PrivateFrameworks/caulk.framework/Versions/A/caulk
0x00000001941b0000 	/usr/lib/libAudioStatistics.dylib
0x00000001a61cc000 	/System/Library/PrivateFrameworks/SystemPolicy.framework/Versions/A/SystemPolicy
0x000000019441c000 	/usr/lib/libSMC.dylib
0x000000019d16e000 	/System/Library/Frameworks/CoreMIDI.framework/Versions/A/CoreMIDI
0x0000000192ef4000 	/usr/lib/libAudioToolboxUtility.dylib
0x00000001a232f000 	/System/Library/PrivateFrameworks/OSAServicesClient.framework/Versions/A/OSAServicesClient
0x00000001948c8000 	/usr/lib/libperfcheck.dylib
0x00000001a6ceb000 	/usr/lib/libmis.dylib
0x00000001e8078000 	/System/Library/Frameworks/OpenGL.framework/Versions/A/Libraries/libGLU.dylib
0x00000001e8037000 	/System/Library/Frameworks/OpenGL.framework/Versions/A/Libraries/libGFXShared.dylib
0x00000001e8224000 	/System/Library/Frameworks/OpenGL.framework/Versions/A/Libraries/libGL.dylib
0x00000001e8040000 	/System/Library/Frameworks/OpenGL.framework/Versions/A/Libraries/libGLImage.dylib
0x00000001e8034000 	/System/Library/Frameworks/OpenGL.framework/Versions/A/Libraries/libCVMSPluginSupport.dylib
0x00000001e801d000 	/System/Library/Frameworks/OpenGL.framework/Versions/A/Libraries/libCoreVMClient.dylib
0x000000018feb1000 	/System/Library/Frameworks/MetalPerformanceShaders.framework/Versions/A/Frameworks/MPSCore.framework/Versions/A/MPSCore
0x0000000191052000 	/System/Library/Frameworks/MetalPerformanceShaders.framework/Versions/A/Frameworks/MPSImage.framework/Versions/A/MPSImage
0x0000000190b41000 	/System/Library/Frameworks/MetalPerformanceShaders.framework/Versions/A/Frameworks/MPSNeuralNetwork.framework/Versions/A/MPSNeuralNetwork
0x0000000190f7a000 	/System/Library/Frameworks/MetalPerformanceShaders.framework/Versions/A/Frameworks/MPSMatrix.framework/Versions/A/MPSMatrix
0x0000000190d53000 	/System/Library/Frameworks/MetalPerformanceShaders.framework/Versions/A/Frameworks/MPSRayIntersector.framework/Versions/A/MPSRayIntersector
0x0000000190fab000 	/System/Library/Frameworks/MetalPerformanceShaders.framework/Versions/A/Frameworks/MPSNDArray.framework/Versions/A/MPSNDArray
0x00000001eab1f000 	/System/Library/Frameworks/MetalPerformanceShaders.framework/Versions/A/Frameworks/MPSFunctions.framework/Versions/A/MPSFunctions
0x0000000187098000 	/System/Library/PrivateFrameworks/MetalTools.framework/Versions/A/MetalTools
0x000000018ff2f000 	/System/Library/PrivateFrameworks/AggregateDictionary.framework/Versions/A/AggregateDictionary
0x0000000191e65000 	/usr/lib/libIOReport.dylib
0x000000019c187000 	/System/Library/PrivateFrameworks/ASEProcessing.framework/Versions/A/ASEProcessing
0x00000001921da000 	/System/Library/PrivateFrameworks/FaceCore.framework/Versions/A/FaceCore
0x00000001921cc000 	/System/Library/PrivateFrameworks/GraphVisualizer.framework/Versions/A/GraphVisualizer
0x00000001f2df7000 	/System/Library/PrivateFrameworks/FontServices.framework/Versions/A/FontServices
0x00000001925ed000 	/System/Library/PrivateFrameworks/OTSVG.framework/Versions/A/OTSVG
0x000000018db19000 	/System/Library/Frameworks/ApplicationServices.framework/Versions/A/Frameworks/ATS.framework/Versions/A/Resources/libFontRegistry.dylib
0x000000019263a000 	/System/Library/PrivateFrameworks/FontServices.framework/libhvf.dylib
0x00000001f2df8000 	/System/Library/PrivateFrameworks/FontServices.framework/libXTFontStaticRegistryData.dylib
0x00000001e83c5000 	/System/Library/Frameworks/OpenCL.framework/Versions/A/OpenCL
0x0000000192034000 	/System/Library/PrivateFrameworks/AppleVA.framework/Versions/A/AppleVA
0x00000001941d8000 	/System/Library/Frameworks/ApplicationServices.framework/Versions/A/Frameworks/ATS.framework/Versions/A/ATS
0x000000018c543000 	/System/Library/Frameworks/ApplicationServices.framework/Versions/A/Frameworks/HIServices.framework/Versions/A/HIServices
0x000000019303f000 	/System/Library/Frameworks/ApplicationServices.framework/Versions/A/Frameworks/PrintCore.framework/Versions/A/PrintCore
0x000000019456f000 	/System/Library/Frameworks/ApplicationServices.framework/Versions/A/Frameworks/QD.framework/Versions/A/QD
0x0000000194567000 	/System/Library/Frameworks/ApplicationServices.framework/Versions/A/Frameworks/ColorSyncLegacy.framework/Versions/A/ColorSyncLegacy
0x00000001941c4000 	/System/Library/Frameworks/ApplicationServices.framework/Versions/A/Frameworks/SpeechSynthesis.framework/Versions/A/SpeechSynthesis
0x0000000193000000 	/System/Library/Frameworks/ApplicationServices.framework/Versions/A/Frameworks/ATSUI.framework/Versions/A/ATSUI
0x00000001944fc000 	/usr/lib/libcups.2.dylib
0x00000001948d6000 	/System/Library/Frameworks/Kerberos.framework/Versions/A/Kerberos
0x00000001948e7000 	/System/Library/Frameworks/GSS.framework/Versions/A/GSS
0x0000000194248000 	/usr/lib/libresolv.9.dylib
0x0000000192649000 	/System/Library/PrivateFrameworks/Heimdal.framework/Versions/A/Heimdal
0x000000019b3bd000 	/System/Library/Frameworks/Kerberos.framework/Versions/A/Libraries/libHeimdalProxy.dylib
0x000000018d193000 	/System/Library/Frameworks/Network.framework/Versions/A/Network
0x000000019209b000 	/usr/lib/libheimdal-asn1.dylib
0x0000000194937000 	/System/Library/PrivateFrameworks/CommonAuth.framework/Versions/A/CommonAuth
0x000000019413e000 	/System/Library/PrivateFrameworks/AudioSession.framework/Versions/A/AudioSession
0x000000019212d000 	/System/Library/PrivateFrameworks/MediaExperience.framework/Versions/A/MediaExperience
0x0000000193fc3000 	/System/Library/PrivateFrameworks/AudioSession.framework/libSessionUtility.dylib
0x000000019457b000 	/System/Library/PrivateFrameworks/AudioResourceArbitration.framework/Versions/A/AudioResourceArbitration
0x000000019873e000 	/System/Library/PrivateFrameworks/PowerLog.framework/Versions/A/PowerLog
0x00000001920a5000 	/System/Library/PrivateFrameworks/IconFoundation.framework/Versions/A/IconFoundation
0x0000000197487000 	/System/Library/PrivateFrameworks/SpeechRecognitionCore.framework/Versions/A/SpeechRecognitionCore
0x0000000105788000 	/Library/Java/JavaVirtualMachines/jdk-11.jdk/Contents/Home/lib/server/libjvm.dylib
0x00000001049a0000 	/Library/Java/JavaVirtualMachines/jdk-11.jdk/Contents/Home/lib/libverify.dylib
0x00000001049ec000 	/Library/Java/JavaVirtualMachines/jdk-11.jdk/Contents/Home/lib/libjava.dylib
0x00000001049b8000 	/Library/Java/JavaVirtualMachines/jdk-11.jdk/Contents/Home/lib/libjimage.dylib
0x0000000104a68000 	/Library/Java/JavaVirtualMachines/jdk-11.jdk/Contents/Home/lib/libjdwp.dylib
0x0000000104a20000 	/Library/Java/JavaVirtualMachines/jdk-11.jdk/Contents/Home/lib/libinstrument.dylib
0x0000000104a38000 	/Library/Java/JavaVirtualMachines/jdk-11.jdk/Contents/Home/lib/libzip.dylib
0x0000000104b0c000 	/Library/Java/JavaVirtualMachines/jdk-11.jdk/Contents/Home/lib/libnio.dylib
0x0000000104b4c000 	/Library/Java/JavaVirtualMachines/jdk-11.jdk/Contents/Home/lib/libnet.dylib
0x0000000104af0000 	/Library/Java/JavaVirtualMachines/jdk-11.jdk/Contents/Home/lib/libdt_socket.dylib
0x0000000104b28000 	/Library/Java/JavaVirtualMachines/jdk-11.jdk/Contents/Home/lib/libextnet.dylib
0x0000000104b70000 	/Library/Java/JavaVirtualMachines/jdk-11.jdk/Contents/Home/lib/libmanagement.dylib
0x00000001056e8000 	/Library/Java/JavaVirtualMachines/jdk-11.jdk/Contents/Home/lib/libmanagement_ext.dylib
0x000000010572c000 	/Library/Java/JavaVirtualMachines/jdk-11.jdk/Contents/Home/lib/libsunec.dylib


VM Arguments:
jvm_args: -agentlib:jdwp=transport=dt_socket,suspend=y,address=localhost:62828 -javaagent:/Users/sivasankarigomathinayagam/eclipse/java-2023-03/Eclipse.app/Contents/Eclipse/configuration/org.eclipse.osgi/223/0/.cp/lib/javaagent-shaded.jar -Dfile.encoding=UTF-8 --module-path=/Users/sivasankarigomathinayagam/Downloads/commons-io-2.11.0/commons-io-2.11.0-javadoc.jar:/Users/sivasankarigomathinayagam/Downloads/commons-io-2.11.0/commons-io-2.11.0-sources.jar:/Users/sivasankarigomathinayagam/Downloads/commons-io-2.11.0/commons-io-2.11.0-test-sources.jar:/Users/sivasankarigomathinayagam/Downloads/commons-io-2.11.0/commons-io-2.11.0-tests.jar:/Users/sivasankarigomathinayagam/Downloads/commons-io-2.11.0/commons-io-2.11.0.jar 
java_command: streaminselenium
java_class_path (initial): /Users/sivasankarigomathinayagam/eclipse-workspace/Basics_java/target/classes:/Users/sivasankarigomathinayagam/.m2/repository/org/seleniumhq/selenium/selenium-java/4.8.1/selenium-java-4.8.1.jar:/Users/sivasankarigomathinayagam/.m2/repository/org/seleniumhq/selenium/selenium-api/4.8.1/selenium-api-4.8.1.jar:/Users/sivasankarigomathinayagam/.m2/repository/org/seleniumhq/selenium/selenium-chrome-driver/4.8.1/selenium-chrome-driver-4.8.1.jar:/Users/sivasankarigomathinayagam/.m2/repository/com/google/auto/service/auto-service-annotations/1.0.1/auto-service-annotations-1.0.1.jar:/Users/sivasankarigomathinayagam/.m2/repository/com/google/auto/service/auto-service/1.0.1/auto-service-1.0.1.jar:/Users/sivasankarigomathinayagam/.m2/repository/com/google/auto/auto-common/1.2/auto-common-1.2.jar:/Users/sivasankarigomathinayagam/.m2/repository/com/google/guava/guava/31.1-jre/guava-31.1-jre.jar:/Users/sivasankarigomathinayagam/.m2/repository/com/google/guava/failureaccess/1.0.1/failureaccess-1.0.1.jar:/Users/sivasankarigomathinayagam/.m2/repository/com/google/guava/listenablefuture/9999.0-empty-to-avoid-conflict-with-guava/listenablefuture-9999.0-empty-to-avoid-conflict-with-guava.jar:/Users/sivasankarigomathinayagam/.m2/repository/com/google/code/findbugs/jsr305/3.0.2/jsr305-3.0.2.jar:/Users/sivasankarigomathinayagam/.m2/repository/org/checkerframework/checker-qual/3.12.0/checker-qual-3.12.0.jar:/Users/sivasankarigomathinayagam/.m2/repository/com/google/errorprone/error_prone_annotations/2.11.0/error_prone_annotations-2.11.0.jar:/Users/sivasankarigomathinayagam/.m2/repository/com/google/j2objc/j2objc-annotations/1.3/j2objc-annotations-1.3.jar:/Users/sivasankarigomathinayagam/.m2/repository/org/seleniumhq/selenium/selenium-chromium-driver/4.8.1/selenium-chromium-driver-4.8.1.jar:/Users/sivasankarigomathinayagam/.m2/repository/org/seleniumhq/selenium/selenium-json/4.8.1/selenium-json-4.8.1.jar:/Users/sivasankarigomathinayagam/.m2/repository/org/selenium
Launcher Type: SUN_STANDARD

[Global flags]
     intx CICompilerCount                          = 4                                         {product} {ergonomic}
     uint ConcGCThreads                            = 2                                         {product} {ergonomic}
     uint G1ConcRefinementThreads                  = 8                                         {product} {ergonomic}
   size_t G1HeapRegionSize                         = 1048576                                   {product} {ergonomic}
    uintx GCDrainStackTargetSize                   = 64                                        {product} {ergonomic}
   size_t InitialHeapSize                          = 268435456                                 {product} {ergonomic}
   size_t MarkStackSize                            = 4194304                                   {product} {ergonomic}
   size_t MaxHeapSize                              = 4294967296                                {product} {ergonomic}
   size_t MaxNewSize                               = 2576351232                                {product} {ergonomic}
   size_t MinHeapDeltaBytes                        = 1048576                                   {product} {ergonomic}
    uintx NonNMethodCodeHeapSize                   = 5836492                                {pd product} {ergonomic}
    uintx NonProfiledCodeHeapSize                  = 122910874                              {pd product} {ergonomic}
    uintx ProfiledCodeHeapSize                     = 122910874                              {pd product} {ergonomic}
    uintx ReservedCodeCacheSize                    = 251658240                              {pd product} {ergonomic}
     bool SegmentedCodeCache                       = true                                      {product} {ergonomic}
     bool UseCompressedClassPointers               = true                                 {lp64_product} {ergonomic}
     bool UseCompressedOops                        = true                                 {lp64_product} {ergonomic}
     bool UseG1GC                                  = true                                      {product} {ergonomic}

Logging:
Log output configuration:
 #0: stdout all=warning uptime,level,tags
 #1: stderr all=off uptime,level,tags

Environment Variables:
PATH=/usr/bin:/bin:/usr/sbin:/sbin
SHELL=/bin/zsh

Signal Handlers:
SIGSEGV: [libjvm.dylib+0x687bac], sa_mask[0]=11111111011111110111111111111111, sa_flags=SA_ONSTACK|SA_RESTART|SA_SIGINFO
SIGBUS: [libjvm.dylib+0x687bac], sa_mask[0]=11111111011111110111111111111111, sa_flags=SA_RESTART|SA_SIGINFO
SIGFPE: [libjvm.dylib+0x687bac], sa_mask[0]=11111111011111110111111111111111, sa_flags=SA_RESTART|SA_SIGINFO
SIGPIPE: [libjvm.dylib+0x534250], sa_mask[0]=11111111011111110111111111111111, sa_flags=SA_RESTART|SA_SIGINFO
SIGXFSZ: [libjvm.dylib+0x534250], sa_mask[0]=11111111011111110111111111111111, sa_flags=SA_RESTART|SA_SIGINFO
SIGILL: [libjvm.dylib+0x687bac], sa_mask[0]=11111111011111110111111111111111, sa_flags=SA_RESTART|SA_SIGINFO
SIGUSR2: [libjvm.dylib+0x534850], sa_mask[0]=00100000000000000000000000000000, sa_flags=SA_RESTART|SA_SIGINFO
SIGHUP: [libjvm.dylib+0x532f10], sa_mask[0]=11111111011111110111111111111111, sa_flags=SA_RESTART|SA_SIGINFO
SIGINT: [libjvm.dylib+0x532f10], sa_mask[0]=11111111011111110111111111111111, sa_flags=SA_RESTART|SA_SIGINFO
SIGTERM: [libjvm.dylib+0x532f10], sa_mask[0]=11111111011111110111111111111111, sa_flags=SA_RESTART|SA_SIGINFO
SIGQUIT: [libjvm.dylib+0x532f10], sa_mask[0]=11111111011111110111111111111111, sa_flags=SA_RESTART|SA_SIGINFO


---------------  S Y S T E M  ---------------

OS:uname:Darwin 21.6.0 Darwin Kernel Version 21.6.0: Mon Aug 22 20:20:05 PDT 2022; root:xnu-8020.140.49~2/RELEASE_ARM64_T8101 arm64
rlimit: STACK 8176k, CORE 0k, NPROC 2666, NOFILE 10240, AS infinity, DATA infinity, FSIZE infinity
load average:2.20 3.18 3.59

CPU:total 8 (initial active 8) 0x61:0x0:0x1b588bb3:0, simd, crc, lse

Memory: 16k page, physical 16777216k(64080k free)

vm_info: Java HotSpot(TM) 64-Bit Server VM (11.0.18+9-LTS-195) for bsd-aarch64 JRE (11.0.18+9-LTS-195), built on Dec  6 2022 15:51:25 by "mach5one" with gcc Apple LLVM 12.0.0 (clang-1200.0.32.29)

END.
